mode: set
github.com/valkey-io/valkey-go/binary.go:17.37,19.2 1 0
github.com/valkey-io/valkey-go/binary.go:26.41,28.22 2 0
github.com/valkey-io/valkey-go/binary.go:28.22,31.3 2 0
github.com/valkey-io/valkey-go/binary.go:32.2,32.24 1 0
github.com/valkey-io/valkey-go/binary.go:36.37,39.34 3 0
github.com/valkey-io/valkey-go/binary.go:39.34,41.3 1 0
github.com/valkey-io/valkey-go/binary.go:42.2,42.11 1 0
github.com/valkey-io/valkey-go/binary.go:50.41,52.22 2 0
github.com/valkey-io/valkey-go/binary.go:52.22,55.3 2 0
github.com/valkey-io/valkey-go/binary.go:56.2,56.24 1 0
github.com/valkey-io/valkey-go/binary.go:60.37,63.34 3 0
github.com/valkey-io/valkey-go/binary.go:63.34,65.3 1 0
github.com/valkey-io/valkey-go/binary.go:66.2,66.11 1 0
github.com/valkey-io/valkey-go/binary.go:73.26,75.16 2 0
github.com/valkey-io/valkey-go/binary.go:75.16,76.13 1 0
github.com/valkey-io/valkey-go/binary.go:78.2,78.25 1 0
github.com/valkey-io/valkey-go/bitmap.go:8.30,9.13 1 0
github.com/valkey-io/valkey-go/bitmap.go:9.13,11.3 1 0
github.com/valkey-io/valkey-go/bitmap.go:14.29,15.13 1 0
github.com/valkey-io/valkey-go/bitmap.go:15.13,17.3 1 0
github.com/valkey-io/valkey-go/bitmap.go:17.8,19.3 1 0
github.com/valkey-io/valkey-go/bitmap.go:22.34,23.13 1 0
github.com/valkey-io/valkey-go/bitmap.go:23.13,25.3 1 0
github.com/valkey-io/valkey-go/bitmap.go:26.2,26.44 1 0
github.com/valkey-io/valkey-go/bitmap.go:29.28,31.2 1 0
github.com/valkey-io/valkey-go/cache.go:58.58,60.2 1 0
github.com/valkey-io/valkey-go/cache.go:68.105,70.72 2 0
github.com/valkey-io/valkey-go/cache.go:70.72,73.3 2 0
github.com/valkey-io/valkey-go/cache.go:74.2,76.19 3 0
github.com/valkey-io/valkey-go/cache.go:76.19,78.3 1 0
github.com/valkey-io/valkey-go/cache.go:79.2,81.40 3 0
github.com/valkey-io/valkey-go/cache.go:81.40,84.3 2 0
github.com/valkey-io/valkey-go/cache.go:85.2,85.60 1 0
github.com/valkey-io/valkey-go/cache.go:85.60,87.3 1 0
github.com/valkey-io/valkey-go/cache.go:88.2,89.32 2 0
github.com/valkey-io/valkey-go/cache.go:92.75,95.52 3 0
github.com/valkey-io/valkey-go/cache.go:95.52,97.37 2 0
github.com/valkey-io/valkey-go/cache.go:97.37,100.4 2 0
github.com/valkey-io/valkey-go/cache.go:101.3,103.21 3 0
github.com/valkey-io/valkey-go/cache.go:105.2,106.8 2 0
github.com/valkey-io/valkey-go/cache.go:109.54,112.52 3 0
github.com/valkey-io/valkey-go/cache.go:112.52,115.3 2 0
github.com/valkey-io/valkey-go/cache.go:116.2,116.15 1 0
github.com/valkey-io/valkey-go/cache.go:119.35,121.30 2 0
github.com/valkey-io/valkey-go/cache.go:121.30,122.15 1 0
github.com/valkey-io/valkey-go/cache.go:122.15,125.4 2 0
github.com/valkey-io/valkey-go/cache.go:127.2,127.23 1 0
github.com/valkey-io/valkey-go/cache.go:127.23,129.3 1 0
github.com/valkey-io/valkey-go/cache.go:132.48,134.17 2 0
github.com/valkey-io/valkey-go/cache.go:134.17,135.30 1 0
github.com/valkey-io/valkey-go/cache.go:135.30,137.4 1 0
github.com/valkey-io/valkey-go/cache.go:138.8,139.26 1 0
github.com/valkey-io/valkey-go/cache.go:139.26,141.4 1 0
github.com/valkey-io/valkey-go/cache.go:143.2,143.15 1 0
github.com/valkey-io/valkey-go/cache.go:146.36,152.34 6 0
github.com/valkey-io/valkey-go/cache.go:152.34,153.29 1 0
github.com/valkey-io/valkey-go/cache.go:153.29,154.16 1 0
github.com/valkey-io/valkey-go/cache.go:154.16,156.5 1 0
github.com/valkey-io/valkey-go/cache.go:168.58,171.2 2 0
github.com/valkey-io/valkey-go/cache.go:173.73,174.9 1 0
github.com/valkey-io/valkey-go/cache.go:175.20,176.36 1 0
github.com/valkey-io/valkey-go/cache.go:177.14,178.22 1 0
github.com/valkey-io/valkey-go/client.go:22.112,23.31 1 0
github.com/valkey-io/valkey-go/client.go:23.31,25.3 1 0
github.com/valkey-io/valkey-go/client.go:27.2,27.21 1 0
github.com/valkey-io/valkey-go/client.go:27.21,29.3 1 0
github.com/valkey-io/valkey-go/client.go:31.2,34.16 4 0
github.com/valkey-io/valkey-go/client.go:34.16,35.29 1 0
github.com/valkey-io/valkey-go/client.go:35.29,37.4 1 0
github.com/valkey-io/valkey-go/client.go:40.2,40.141 1 0
github.com/valkey-io/valkey-go/client.go:43.134,45.2 1 1
github.com/valkey-io/valkey-go/client.go:47.36,49.2 1 1
github.com/valkey-io/valkey-go/client.go:51.83,53.1 2 1
github.com/valkey-io/valkey-go/client.go:54.2,55.37 2 1
github.com/valkey-io/valkey-go/client.go:55.37,56.28 1 1
github.com/valkey-io/valkey-go/client.go:56.28,57.14 1 0
github.com/valkey-io/valkey-go/client.go:59.3,59.61 1 1
github.com/valkey-io/valkey-go/client.go:59.61,60.63 1 0
github.com/valkey-io/valkey-go/client.go:60.63,62.15 2 0
github.com/valkey-io/valkey-go/client.go:66.2,66.34 1 1
github.com/valkey-io/valkey-go/client.go:66.34,68.3 1 1
github.com/valkey-io/valkey-go/client.go:69.2,69.13 1 1
github.com/valkey-io/valkey-go/client.go:72.88,76.2 3 1
github.com/valkey-io/valkey-go/client.go:78.103,79.21 1 1
github.com/valkey-io/valkey-go/client.go:79.21,81.3 1 0
github.com/valkey-io/valkey-go/client.go:82.2,83.28 2 1
github.com/valkey-io/valkey-go/client.go:83.28,85.3 1 1
github.com/valkey-io/valkey-go/client.go:86.2,86.10 1 1
github.com/valkey-io/valkey-go/client.go:89.96,90.21 1 0
github.com/valkey-io/valkey-go/client.go:90.21,92.3 1 0
github.com/valkey-io/valkey-go/client.go:93.2,94.1 2 0
github.com/valkey-io/valkey-go/client.go:95.2,96.15 2 0
github.com/valkey-io/valkey-go/client.go:96.15,98.2 2 0
github.com/valkey-io/valkey-go/client.go:99.3,101.30 3 0
github.com/valkey-io/valkey-go/client.go:101.30,102.47 1 0
github.com/valkey-io/valkey-go/client.go:102.47,103.18 1 0
github.com/valkey-io/valkey-go/client.go:103.18,105.6 1 0
github.com/valkey-io/valkey-go/client.go:105.11,107.6 1 0
github.com/valkey-io/valkey-go/client.go:108.5,108.10 1 0
github.com/valkey-io/valkey-go/client.go:111.4,111.25 1 0
github.com/valkey-io/valkey-go/client.go:111.25,113.5 1 0
github.com/valkey-io/valkey-go/client.go:113.10,113.31 1 0
github.com/valkey-io/valkey-go/client.go:113.31,115.5 1 0
github.com/valkey-io/valkey-go/client.go:117.3,117.18 1 0
github.com/valkey-io/valkey-go/client.go:117.18,120.16 3 0
github.com/valkey-io/valkey-go/client.go:123.2,123.35 1 0
github.com/valkey-io/valkey-go/client.go:123.35,124.30 1 0
github.com/valkey-io/valkey-go/client.go:124.30,125.40 1 0
github.com/valkey-io/valkey-go/client.go:125.40,129.20 2 0
github.com/valkey-io/valkey-go/client.go:129.20,131.16 2 0
github.com/valkey-io/valkey-go/client.go:136.2,136.28 1 0
github.com/valkey-io/valkey-go/client.go:136.28,137.39 1 0
github.com/valkey-io/valkey-go/client.go:137.39,139.4 1 0
github.com/valkey-io/valkey-go/client.go:141.2,141.14 1 0
github.com/valkey-io/valkey-go/client.go:144.104,145.21 1 0
github.com/valkey-io/valkey-go/client.go:145.21,147.3 1 0
github.com/valkey-io/valkey-go/client.go:148.2,149.1 2 0
github.com/valkey-io/valkey-go/client.go:150.2,151.15 2 0
github.com/valkey-io/valkey-go/client.go:151.15,153.2 2 0
github.com/valkey-io/valkey-go/client.go:154.3,155.30 2 0
github.com/valkey-io/valkey-go/client.go:155.30,156.47 1 0
github.com/valkey-io/valkey-go/client.go:156.47,158.10 2 0
github.com/valkey-io/valkey-go/client.go:161.3,161.18 1 0
github.com/valkey-io/valkey-go/client.go:161.18,164.16 3 0
github.com/valkey-io/valkey-go/client.go:167.2,167.13 1 0
github.com/valkey-io/valkey-go/client.go:167.13,168.30 1 0
github.com/valkey-io/valkey-go/client.go:168.30,169.40 1 0
github.com/valkey-io/valkey-go/client.go:169.40,173.20 2 0
github.com/valkey-io/valkey-go/client.go:173.20,175.16 2 0
github.com/valkey-io/valkey-go/client.go:180.2,180.28 1 0
github.com/valkey-io/valkey-go/client.go:180.28,181.79 1 0
github.com/valkey-io/valkey-go/client.go:181.79,183.4 1 0
github.com/valkey-io/valkey-go/client.go:185.2,185.14 1 0
github.com/valkey-io/valkey-go/client.go:188.107,190.1 2 0
github.com/valkey-io/valkey-go/client.go:191.2,192.37 2 0
github.com/valkey-io/valkey-go/client.go:192.37,193.28 1 0
github.com/valkey-io/valkey-go/client.go:193.28,194.14 1 0
github.com/valkey-io/valkey-go/client.go:196.3,196.41 1 0
github.com/valkey-io/valkey-go/client.go:196.41,197.74 1 0
github.com/valkey-io/valkey-go/client.go:197.74,199.15 2 0
github.com/valkey-io/valkey-go/client.go:203.2,203.74 1 0
github.com/valkey-io/valkey-go/client.go:203.74,205.3 1 0
github.com/valkey-io/valkey-go/client.go:206.2,206.13 1 0
github.com/valkey-io/valkey-go/client.go:209.114,211.1 2 0
github.com/valkey-io/valkey-go/client.go:212.2,213.27 2 0
github.com/valkey-io/valkey-go/client.go:213.27,214.13 1 0
github.com/valkey-io/valkey-go/client.go:216.2,216.13 1 0
github.com/valkey-io/valkey-go/client.go:216.13,217.66 1 0
github.com/valkey-io/valkey-go/client.go:217.66,219.19 2 0
github.com/valkey-io/valkey-go/client.go:219.19,221.15 2 0
github.com/valkey-io/valkey-go/client.go:225.2,225.16 1 0
github.com/valkey-io/valkey-go/client.go:225.16,227.3 1 0
github.com/valkey-io/valkey-go/client.go:228.2,228.12 1 0
github.com/valkey-io/valkey-go/client.go:231.78,237.2 5 0
github.com/valkey-io/valkey-go/client.go:239.61,243.2 3 0
github.com/valkey-io/valkey-go/client.go:245.50,247.2 1 0
github.com/valkey-io/valkey-go/client.go:249.42,251.2 1 0
github.com/valkey-io/valkey-go/client.go:253.32,256.2 2 1
github.com/valkey-io/valkey-go/client.go:267.45,269.2 1 0
github.com/valkey-io/valkey-go/client.go:271.92,273.1 2 0
github.com/valkey-io/valkey-go/client.go:274.2,274.34 1 0
github.com/valkey-io/valkey-go/client.go:274.34,276.3 1 0
github.com/valkey-io/valkey-go/client.go:277.2,278.75 2 0
github.com/valkey-io/valkey-go/client.go:278.75,282.18 2 0
github.com/valkey-io/valkey-go/client.go:282.18,284.14 2 0
github.com/valkey-io/valkey-go/client.go:287.2,287.34 1 0
github.com/valkey-io/valkey-go/client.go:287.34,289.3 1 0
github.com/valkey-io/valkey-go/client.go:290.2,290.13 1 0
github.com/valkey-io/valkey-go/client.go:293.104,294.21 1 0
github.com/valkey-io/valkey-go/client.go:294.21,296.3 1 0
github.com/valkey-io/valkey-go/client.go:297.2,299.15 3 0
github.com/valkey-io/valkey-go/client.go:299.15,301.3 1 0
github.com/valkey-io/valkey-go/client.go:303.2,303.34 1 0
github.com/valkey-io/valkey-go/client.go:303.34,305.3 1 0
github.com/valkey-io/valkey-go/client.go:306.2,307.28 2 0
github.com/valkey-io/valkey-go/client.go:307.28,308.61 1 0
github.com/valkey-io/valkey-go/client.go:308.61,312.19 2 0
github.com/valkey-io/valkey-go/client.go:312.19,314.15 2 0
github.com/valkey-io/valkey-go/client.go:317.3,317.38 1 0
github.com/valkey-io/valkey-go/client.go:317.38,319.4 1 0
github.com/valkey-io/valkey-go/client.go:321.2,321.13 1 0
github.com/valkey-io/valkey-go/client.go:324.123,326.1 2 0
github.com/valkey-io/valkey-go/client.go:327.2,327.34 1 0
github.com/valkey-io/valkey-go/client.go:327.34,329.3 1 0
github.com/valkey-io/valkey-go/client.go:330.2,331.13 2 0
github.com/valkey-io/valkey-go/client.go:331.13,332.72 1 0
github.com/valkey-io/valkey-go/client.go:332.72,336.19 2 0
github.com/valkey-io/valkey-go/client.go:336.19,338.15 2 0
github.com/valkey-io/valkey-go/client.go:342.2,342.16 1 0
github.com/valkey-io/valkey-go/client.go:342.16,344.3 1 0
github.com/valkey-io/valkey-go/client.go:345.2,345.12 1 0
github.com/valkey-io/valkey-go/client.go:348.80,349.34 1 0
github.com/valkey-io/valkey-go/client.go:349.34,353.3 3 0
github.com/valkey-io/valkey-go/client.go:354.2,354.37 1 0
github.com/valkey-io/valkey-go/client.go:357.41,360.2 2 0
github.com/valkey-io/valkey-go/client.go:362.47,363.37 1 0
github.com/valkey-io/valkey-go/client.go:363.37,365.3 1 0
github.com/valkey-io/valkey-go/client.go:366.2,366.12 1 0
github.com/valkey-io/valkey-go/client.go:369.43,370.48 1 0
github.com/valkey-io/valkey-go/client.go:370.48,372.3 1 0
github.com/valkey-io/valkey-go/client.go:375.73,376.113 1 0
github.com/valkey-io/valkey-go/client.go:376.113,378.3 1 0
github.com/valkey-io/valkey-go/client.go:379.2,379.39 1 0
github.com/valkey-io/valkey-go/client.go:379.39,381.3 1 0
github.com/valkey-io/valkey-go/client.go:382.2,382.13 1 0
github.com/valkey-io/valkey-go/client.go:385.63,386.70 1 0
github.com/valkey-io/valkey-go/client.go:386.70,388.3 1 0
github.com/valkey-io/valkey-go/client.go:389.2,389.39 1 0
github.com/valkey-io/valkey-go/client.go:389.39,391.3 1 0
github.com/valkey-io/valkey-go/client.go:392.2,392.13 1 0
github.com/valkey-io/valkey-go/client.go:395.42,396.28 1 0
github.com/valkey-io/valkey-go/client.go:396.28,397.20 1 0
github.com/valkey-io/valkey-go/client.go:397.20,399.4 1 0
github.com/valkey-io/valkey-go/client.go:401.2,401.13 1 0
github.com/valkey-io/valkey-go/client.go:404.43,405.34 1 0
github.com/valkey-io/valkey-go/client.go:405.34,406.39 1 0
github.com/valkey-io/valkey-go/client.go:406.39,407.40 1 0
github.com/valkey-io/valkey-go/client.go:407.40,408.79 1 0
github.com/valkey-io/valkey-go/client.go:408.79,410.6 1 0
github.com/valkey-io/valkey-go/client.go:412.4,412.26 1 0
github.com/valkey-io/valkey-go/client.go:415.2,415.22 1 0
github.com/valkey-io/valkey-go/cluster.go:48.70,50.2 1 0
github.com/valkey-io/valkey-go/cluster.go:52.103,64.50 2 0
github.com/valkey-io/valkey-go/cluster.go:64.50,66.3 1 0
github.com/valkey-io/valkey-go/cluster.go:67.2,67.51 1 0
github.com/valkey-io/valkey-go/cluster.go:67.51,69.3 1 0
github.com/valkey-io/valkey-go/cluster.go:70.2,70.61 1 0
github.com/valkey-io/valkey-go/cluster.go:70.61,72.3 1 0
github.com/valkey-io/valkey-go/cluster.go:74.2,74.61 1 0
github.com/valkey-io/valkey-go/cluster.go:74.61,76.3 1 0
github.com/valkey-io/valkey-go/cluster.go:78.2,78.31 1 0
github.com/valkey-io/valkey-go/cluster.go:78.31,82.3 3 0
github.com/valkey-io/valkey-go/cluster.go:84.2,84.59 1 0
github.com/valkey-io/valkey-go/cluster.go:84.59,86.37 2 0
github.com/valkey-io/valkey-go/cluster.go:86.37,88.4 1 0
github.com/valkey-io/valkey-go/cluster.go:89.3,89.12 1 0
github.com/valkey-io/valkey-go/cluster.go:92.2,92.38 1 0
github.com/valkey-io/valkey-go/cluster.go:92.38,94.3 1 0
github.com/valkey-io/valkey-go/cluster.go:96.2,96.61 1 0
github.com/valkey-io/valkey-go/cluster.go:96.61,98.3 1 0
github.com/valkey-io/valkey-go/cluster.go:100.2,100.49 1 0
github.com/valkey-io/valkey-go/cluster.go:100.49,102.3 1 0
github.com/valkey-io/valkey-go/cluster.go:102.8,102.56 1 0
github.com/valkey-io/valkey-go/cluster.go:102.56,104.3 1 0
github.com/valkey-io/valkey-go/cluster.go:106.2,106.20 1 0
github.com/valkey-io/valkey-go/cluster.go:109.38,110.33 1 0
github.com/valkey-io/valkey-go/cluster.go:110.33,112.3 1 0
github.com/valkey-io/valkey-go/cluster.go:113.2,114.41 2 0
github.com/valkey-io/valkey-go/cluster.go:114.41,116.33 2 0
github.com/valkey-io/valkey-go/cluster.go:116.33,117.36 1 0
github.com/valkey-io/valkey-go/cluster.go:117.36,119.35 2 0
github.com/valkey-io/valkey-go/cluster.go:119.35,121.6 1 0
github.com/valkey-io/valkey-go/cluster.go:121.11,125.6 1 0
github.com/valkey-io/valkey-go/cluster.go:126.5,127.19 2 0
github.com/valkey-io/valkey-go/cluster.go:128.10,130.5 1 0
github.com/valkey-io/valkey-go/cluster.go:133.2,134.36 2 0
github.com/valkey-io/valkey-go/cluster.go:134.36,135.35 1 0
github.com/valkey-io/valkey-go/cluster.go:135.35,137.4 1 0
github.com/valkey-io/valkey-go/cluster.go:137.9,139.4 1 0
github.com/valkey-io/valkey-go/cluster.go:141.2,141.14 1 0
github.com/valkey-io/valkey-go/cluster.go:144.66,146.2 1 0
github.com/valkey-io/valkey-go/cluster.go:148.39,150.2 1 0
github.com/valkey-io/valkey-go/cluster.go:158.56,159.15 1 0
github.com/valkey-io/valkey-go/cluster.go:159.15,161.3 1 0
github.com/valkey-io/valkey-go/cluster.go:162.2,162.46 1 0
github.com/valkey-io/valkey-go/cluster.go:165.66,168.17 3 0
github.com/valkey-io/valkey-go/cluster.go:168.17,171.3 2 0
github.com/valkey-io/valkey-go/cluster.go:171.8,173.3 1 0
github.com/valkey-io/valkey-go/cluster.go:174.2,175.11 2 0
github.com/valkey-io/valkey-go/cluster.go:175.11,177.3 1 0
github.com/valkey-io/valkey-go/cluster.go:178.2,178.79 1 0
github.com/valkey-io/valkey-go/cluster.go:181.48,185.29 4 0
github.com/valkey-io/valkey-go/cluster.go:185.29,187.3 1 0
github.com/valkey-io/valkey-go/cluster.go:188.2,191.36 3 0
github.com/valkey-io/valkey-go/cluster.go:191.36,192.15 1 0
github.com/valkey-io/valkey-go/cluster.go:192.15,193.49 1 0
github.com/valkey-io/valkey-go/cluster.go:193.49,194.44 1 0
github.com/valkey-io/valkey-go/cluster.go:194.44,196.6 1 0
github.com/valkey-io/valkey-go/cluster.go:199.3,201.42 3 0
github.com/valkey-io/valkey-go/cluster.go:201.42,202.9 1 0
github.com/valkey-io/valkey-go/cluster.go:205.2,205.16 1 0
github.com/valkey-io/valkey-go/cluster.go:205.16,207.3 1 0
github.com/valkey-io/valkey-go/cluster.go:208.2,212.32 4 0
github.com/valkey-io/valkey-go/cluster.go:212.32,214.20 2 0
github.com/valkey-io/valkey-go/cluster.go:214.20,215.41 1 0
github.com/valkey-io/valkey-go/cluster.go:215.41,217.5 1 0
github.com/valkey-io/valkey-go/cluster.go:218.9,219.41 1 0
github.com/valkey-io/valkey-go/cluster.go:219.41,221.5 1 0
github.com/valkey-io/valkey-go/cluster.go:225.2,225.41 1 0
github.com/valkey-io/valkey-go/cluster.go:225.41,226.32 1 0
github.com/valkey-io/valkey-go/cluster.go:226.32,231.4 1 0
github.com/valkey-io/valkey-go/cluster.go:234.2,237.32 3 0
github.com/valkey-io/valkey-go/cluster.go:237.32,238.35 1 0
github.com/valkey-io/valkey-go/cluster.go:238.35,241.4 2 0
github.com/valkey-io/valkey-go/cluster.go:241.9,243.4 1 0
github.com/valkey-io/valkey-go/cluster.go:245.2,249.32 4 0
github.com/valkey-io/valkey-go/cluster.go:249.32,250.10 1 0
github.com/valkey-io/valkey-go/cluster.go:251.46,253.33 2 0
github.com/valkey-io/valkey-go/cluster.go:253.33,254.64 1 0
github.com/valkey-io/valkey-go/cluster.go:254.64,256.6 1 0
github.com/valkey-io/valkey-go/cluster.go:258.22,259.24 1 0
github.com/valkey-io/valkey-go/cluster.go:259.24,261.5 1 0
github.com/valkey-io/valkey-go/cluster.go:262.4,262.24 1 0
github.com/valkey-io/valkey-go/cluster.go:262.24,265.34 2 0
github.com/valkey-io/valkey-go/cluster.go:265.34,267.33 2 0
github.com/valkey-io/valkey-go/cluster.go:267.33,268.43 1 0
github.com/valkey-io/valkey-go/cluster.go:268.43,270.66 2 0
github.com/valkey-io/valkey-go/cluster.go:270.66,273.9 2 0
github.com/valkey-io/valkey-go/cluster.go:275.7,275.16 1 0
github.com/valkey-io/valkey-go/cluster.go:279.5,279.34 1 0
github.com/valkey-io/valkey-go/cluster.go:279.34,280.65 1 0
github.com/valkey-io/valkey-go/cluster.go:280.65,283.36 3 0
github.com/valkey-io/valkey-go/cluster.go:283.36,285.8 1 0
github.com/valkey-io/valkey-go/cluster.go:285.13,287.8 1 0
github.com/valkey-io/valkey-go/cluster.go:290.10,291.34 1 0
github.com/valkey-io/valkey-go/cluster.go:291.34,292.65 1 0
github.com/valkey-io/valkey-go/cluster.go:292.65,295.7 2 0
github.com/valkey-io/valkey-go/cluster.go:298.11,299.33 1 0
github.com/valkey-io/valkey-go/cluster.go:299.33,300.64 1 0
github.com/valkey-io/valkey-go/cluster.go:300.64,302.6 1 0
github.com/valkey-io/valkey-go/cluster.go:307.2,313.22 6 0
github.com/valkey-io/valkey-go/cluster.go:313.22,314.27 1 0
github.com/valkey-io/valkey-go/cluster.go:314.27,316.31 2 0
github.com/valkey-io/valkey-go/cluster.go:316.31,318.5 1 0
github.com/valkey-io/valkey-go/cluster.go:322.2,322.12 1 0
github.com/valkey-io/valkey-go/cluster.go:325.46,327.2 1 0
github.com/valkey-io/valkey-go/cluster.go:329.42,332.28 3 0
github.com/valkey-io/valkey-go/cluster.go:332.28,334.3 1 0
github.com/valkey-io/valkey-go/cluster.go:335.2,336.14 2 0
github.com/valkey-io/valkey-go/cluster.go:346.66,347.18 1 0
github.com/valkey-io/valkey-go/cluster.go:348.10,349.47 1 0
github.com/valkey-io/valkey-go/cluster.go:350.11,351.12 1 0
github.com/valkey-io/valkey-go/cluster.go:353.2,353.64 1 0
github.com/valkey-io/valkey-go/cluster.go:358.75,360.35 2 0
github.com/valkey-io/valkey-go/cluster.go:360.35,362.19 2 0
github.com/valkey-io/valkey-go/cluster.go:362.19,363.12 1 0
github.com/valkey-io/valkey-go/cluster.go:365.3,366.10 2 0
github.com/valkey-io/valkey-go/cluster.go:366.10,369.41 3 0
github.com/valkey-io/valkey-go/cluster.go:369.41,370.123 1 0
github.com/valkey-io/valkey-go/cluster.go:370.123,372.6 1 0
github.com/valkey-io/valkey-go/cluster.go:375.3,376.21 2 0
github.com/valkey-io/valkey-go/cluster.go:378.2,378.15 1 0
github.com/valkey-io/valkey-go/cluster.go:383.87,385.36 2 0
github.com/valkey-io/valkey-go/cluster.go:385.36,396.26 8 0
github.com/valkey-io/valkey-go/cluster.go:396.26,399.4 2 0
github.com/valkey-io/valkey-go/cluster.go:400.3,400.28 1 0
github.com/valkey-io/valkey-go/cluster.go:400.28,402.69 2 0
github.com/valkey-io/valkey-go/cluster.go:402.69,403.13 1 0
github.com/valkey-io/valkey-go/cluster.go:405.4,406.42 2 0
github.com/valkey-io/valkey-go/cluster.go:406.42,408.5 1 0
github.com/valkey-io/valkey-go/cluster.go:409.4,410.81 2 0
github.com/valkey-io/valkey-go/cluster.go:410.81,411.64 1 0
github.com/valkey-io/valkey-go/cluster.go:411.64,413.6 1 0
github.com/valkey-io/valkey-go/cluster.go:414.5,414.54 1 0
github.com/valkey-io/valkey-go/cluster.go:417.3,417.13 1 0
github.com/valkey-io/valkey-go/cluster.go:417.13,420.4 2 0
github.com/valkey-io/valkey-go/cluster.go:422.2,422.15 1 0
github.com/valkey-io/valkey-go/cluster.go:425.57,428.6 3 0
github.com/valkey-io/valkey-go/cluster.go:428.6,429.10 1 0
github.com/valkey-io/valkey-go/cluster.go:430.19,431.10 1 0
github.com/valkey-io/valkey-go/cluster.go:432.19,433.19 1 0
github.com/valkey-io/valkey-go/cluster.go:438.69,440.27 2 0
github.com/valkey-io/valkey-go/cluster.go:440.27,441.30 1 0
github.com/valkey-io/valkey-go/cluster.go:441.30,443.9 2 0
github.com/valkey-io/valkey-go/cluster.go:445.8,445.41 1 0
github.com/valkey-io/valkey-go/cluster.go:445.41,447.3 1 0
github.com/valkey-io/valkey-go/cluster.go:447.8,449.3 1 0
github.com/valkey-io/valkey-go/cluster.go:450.2,451.10 2 0
github.com/valkey-io/valkey-go/cluster.go:454.100,455.44 1 0
github.com/valkey-io/valkey-go/cluster.go:455.44,456.40 1 0
github.com/valkey-io/valkey-go/cluster.go:456.40,458.4 1 0
github.com/valkey-io/valkey-go/cluster.go:459.3,459.45 1 0
github.com/valkey-io/valkey-go/cluster.go:459.45,461.4 1 0
github.com/valkey-io/valkey-go/cluster.go:463.2,463.15 1 0
github.com/valkey-io/valkey-go/cluster.go:466.100,470.39 4 0
github.com/valkey-io/valkey-go/cluster.go:470.39,472.3 1 0
github.com/valkey-io/valkey-go/cluster.go:473.2,474.40 2 0
github.com/valkey-io/valkey-go/cluster.go:474.40,478.27 4 0
github.com/valkey-io/valkey-go/cluster.go:478.27,480.4 1 0
github.com/valkey-io/valkey-go/cluster.go:481.8,481.28 1 0
github.com/valkey-io/valkey-go/cluster.go:481.28,485.22 1 0
github.com/valkey-io/valkey-go/cluster.go:485.22,488.4 2 0
github.com/valkey-io/valkey-go/cluster.go:489.3,492.27 4 0
github.com/valkey-io/valkey-go/cluster.go:492.27,494.4 1 0
github.com/valkey-io/valkey-go/cluster.go:496.2,497.16 2 0
github.com/valkey-io/valkey-go/cluster.go:500.37,502.2 1 0
github.com/valkey-io/valkey-go/cluster.go:504.84,505.57 1 0
github.com/valkey-io/valkey-go/cluster.go:505.57,507.3 1 0
github.com/valkey-io/valkey-go/cluster.go:508.2,508.13 1 0
github.com/valkey-io/valkey-go/cluster.go:511.84,513.1 2 0
github.com/valkey-io/valkey-go/cluster.go:514.2,515.16 2 0
github.com/valkey-io/valkey-go/cluster.go:515.16,517.3 1 0
github.com/valkey-io/valkey-go/cluster.go:518.2,519.45 2 0
github.com/valkey-io/valkey-go/cluster.go:519.45,520.13 1 0
github.com/valkey-io/valkey-go/cluster.go:522.1,523.69 1 0
github.com/valkey-io/valkey-go/cluster.go:524.20,526.2 2 0
github.com/valkey-io/valkey-go/cluster.go:527.3,528.46 2 0
github.com/valkey-io/valkey-go/cluster.go:528.46,529.17 1 0
github.com/valkey-io/valkey-go/cluster.go:531.3,531.15 1 0
github.com/valkey-io/valkey-go/cluster.go:532.19,534.2 2 0
github.com/valkey-io/valkey-go/cluster.go:535.3,537.46 3 0
github.com/valkey-io/valkey-go/cluster.go:537.46,538.17 1 0
github.com/valkey-io/valkey-go/cluster.go:540.3,541.15 2 0
github.com/valkey-io/valkey-go/cluster.go:542.21,543.34 1 0
github.com/valkey-io/valkey-go/cluster.go:543.34,545.19 2 0
github.com/valkey-io/valkey-go/cluster.go:545.19,547.15 2 0
github.com/valkey-io/valkey-go/cluster.go:551.2,551.13 1 0
github.com/valkey-io/valkey-go/cluster.go:554.55,555.33 1 0
github.com/valkey-io/valkey-go/cluster.go:555.33,557.3 1 0
github.com/valkey-io/valkey-go/cluster.go:558.2,558.14 1 0
github.com/valkey-io/valkey-go/cluster.go:561.87,564.28 2 0
github.com/valkey-io/valkey-go/cluster.go:564.28,565.34 1 0
github.com/valkey-io/valkey-go/cluster.go:565.34,567.9 2 0
github.com/valkey-io/valkey-go/cluster.go:571.2,576.61 4 0
github.com/valkey-io/valkey-go/cluster.go:576.61,579.29 3 0
github.com/valkey-io/valkey-go/cluster.go:579.29,581.33 2 0
github.com/valkey-io/valkey-go/cluster.go:581.33,584.5 2 0
github.com/valkey-io/valkey-go/cluster.go:584.10,586.5 1 0
github.com/valkey-io/valkey-go/cluster.go:587.4,587.17 1 0
github.com/valkey-io/valkey-go/cluster.go:587.17,589.5 1 0
github.com/valkey-io/valkey-go/cluster.go:590.4,590.17 1 0
github.com/valkey-io/valkey-go/cluster.go:593.3,594.30 2 0
github.com/valkey-io/valkey-go/cluster.go:594.30,596.4 1 0
github.com/valkey-io/valkey-go/cluster.go:597.3,599.29 2 0
github.com/valkey-io/valkey-go/cluster.go:599.29,601.17 2 0
github.com/valkey-io/valkey-go/cluster.go:601.17,603.5 1 0
github.com/valkey-io/valkey-go/cluster.go:603.10,605.5 1 0
github.com/valkey-io/valkey-go/cluster.go:606.4,608.40 3 0
github.com/valkey-io/valkey-go/cluster.go:610.3,610.23 1 0
github.com/valkey-io/valkey-go/cluster.go:613.2,614.28 2 0
github.com/valkey-io/valkey-go/cluster.go:614.28,615.34 1 0
github.com/valkey-io/valkey-go/cluster.go:615.34,617.12 2 0
github.com/valkey-io/valkey-go/cluster.go:619.3,619.28 1 0
github.com/valkey-io/valkey-go/cluster.go:619.28,621.4 1 0
github.com/valkey-io/valkey-go/cluster.go:621.9,621.40 1 0
github.com/valkey-io/valkey-go/cluster.go:621.40,622.25 1 0
github.com/valkey-io/valkey-go/cluster.go:624.3,625.16 2 0
github.com/valkey-io/valkey-go/cluster.go:625.16,627.4 1 0
github.com/valkey-io/valkey-go/cluster.go:628.3,628.16 1 0
github.com/valkey-io/valkey-go/cluster.go:631.2,631.27 1 0
github.com/valkey-io/valkey-go/cluster.go:631.27,633.31 1 0
github.com/valkey-io/valkey-go/cluster.go:633.31,634.17 1 0
github.com/valkey-io/valkey-go/cluster.go:634.17,637.10 3 0
github.com/valkey-io/valkey-go/cluster.go:640.3,640.28 1 0
github.com/valkey-io/valkey-go/cluster.go:640.28,642.4 1 0
github.com/valkey-io/valkey-go/cluster.go:643.8,643.17 1 0
github.com/valkey-io/valkey-go/cluster.go:643.17,646.3 2 0
github.com/valkey-io/valkey-go/cluster.go:648.2,649.29 2 0
github.com/valkey-io/valkey-go/cluster.go:649.29,651.3 1 0
github.com/valkey-io/valkey-go/cluster.go:652.2,654.28 2 0
github.com/valkey-io/valkey-go/cluster.go:654.28,656.34 2 0
github.com/valkey-io/valkey-go/cluster.go:656.34,658.4 1 0
github.com/valkey-io/valkey-go/cluster.go:658.9,660.4 1 0
github.com/valkey-io/valkey-go/cluster.go:661.3,663.39 3 0
github.com/valkey-io/valkey-go/cluster.go:665.2,665.22 1 0
github.com/valkey-io/valkey-go/cluster.go:668.101,670.18 2 0
github.com/valkey-io/valkey-go/cluster.go:670.18,671.40 1 0
github.com/valkey-io/valkey-go/cluster.go:671.40,673.4 1 0
github.com/valkey-io/valkey-go/cluster.go:674.3,674.57 1 0
github.com/valkey-io/valkey-go/cluster.go:674.57,676.4 1 0
github.com/valkey-io/valkey-go/cluster.go:678.2,678.28 1 0
github.com/valkey-io/valkey-go/cluster.go:681.34,683.2 1 0
github.com/valkey-io/valkey-go/cluster.go:684.33,686.2 1 0
github.com/valkey-io/valkey-go/cluster.go:690.16,694.29 4 0
github.com/valkey-io/valkey-go/cluster.go:694.29,700.27 6 0
github.com/valkey-io/valkey-go/cluster.go:700.27,703.29 3 0
github.com/valkey-io/valkey-go/cluster.go:703.29,704.37 1 0
github.com/valkey-io/valkey-go/cluster.go:704.37,705.14 1 0
github.com/valkey-io/valkey-go/cluster.go:707.5,707.71 1 0
github.com/valkey-io/valkey-go/cluster.go:708.10,710.5 1 0
github.com/valkey-io/valkey-go/cluster.go:711.4,711.25 1 0
github.com/valkey-io/valkey-go/cluster.go:711.25,712.82 1 0
github.com/valkey-io/valkey-go/cluster.go:712.83,713.6 0 0
github.com/valkey-io/valkey-go/cluster.go:714.5,714.93 1 0
github.com/valkey-io/valkey-go/cluster.go:714.94,715.6 0 0
github.com/valkey-io/valkey-go/cluster.go:716.5,716.119 1 0
github.com/valkey-io/valkey-go/cluster.go:716.119,720.19 4 0
github.com/valkey-io/valkey-go/cluster.go:720.19,723.7 2 0
github.com/valkey-io/valkey-go/cluster.go:724.6,724.32 1 0
github.com/valkey-io/valkey-go/cluster.go:724.32,727.30 3 0
github.com/valkey-io/valkey-go/cluster.go:727.30,730.8 2 0
github.com/valkey-io/valkey-go/cluster.go:730.13,733.8 2 0
github.com/valkey-io/valkey-go/cluster.go:735.6,736.14 2 0
github.com/valkey-io/valkey-go/cluster.go:739.4,739.71 1 0
github.com/valkey-io/valkey-go/cluster.go:739.71,740.13 1 0
github.com/valkey-io/valkey-go/cluster.go:742.4,743.29 2 0
github.com/valkey-io/valkey-go/cluster.go:743.29,745.5 1 0
github.com/valkey-io/valkey-go/cluster.go:746.4,746.48 1 0
github.com/valkey-io/valkey-go/cluster.go:746.48,748.5 1 0
github.com/valkey-io/valkey-go/cluster.go:749.4,750.17 2 0
github.com/valkey-io/valkey-go/cluster.go:750.17,753.5 2 0
github.com/valkey-io/valkey-go/cluster.go:754.4,754.27 1 0
github.com/valkey-io/valkey-go/cluster.go:754.27,757.5 2 0
github.com/valkey-io/valkey-go/cluster.go:757.10,760.5 2 0
github.com/valkey-io/valkey-go/cluster.go:761.4,761.15 1 0
github.com/valkey-io/valkey-go/cluster.go:764.2,764.14 1 0
github.com/valkey-io/valkey-go/cluster.go:769.3,771.27 2 0
github.com/valkey-io/valkey-go/cluster.go:771.27,773.16 2 0
github.com/valkey-io/valkey-go/cluster.go:773.16,775.3 2 0
github.com/valkey-io/valkey-go/cluster.go:776.4,778.33 3 0
github.com/valkey-io/valkey-go/cluster.go:778.33,779.48 1 0
github.com/valkey-io/valkey-go/cluster.go:779.48,780.19 1 0
github.com/valkey-io/valkey-go/cluster.go:780.19,782.7 1 0
github.com/valkey-io/valkey-go/cluster.go:782.12,784.7 1 0
github.com/valkey-io/valkey-go/cluster.go:785.6,785.11 1 0
github.com/valkey-io/valkey-go/cluster.go:788.5,788.32 1 0
github.com/valkey-io/valkey-go/cluster.go:788.32,790.6 1 0
github.com/valkey-io/valkey-go/cluster.go:790.11,790.38 1 0
github.com/valkey-io/valkey-go/cluster.go:790.38,792.6 1 0
github.com/valkey-io/valkey-go/cluster.go:794.4,794.19 1 0
github.com/valkey-io/valkey-go/cluster.go:794.19,797.17 3 0
github.com/valkey-io/valkey-go/cluster.go:800.3,801.22 2 0
github.com/valkey-io/valkey-go/cluster.go:803.2,803.27 1 0
github.com/valkey-io/valkey-go/cluster.go:803.27,807.3 3 0
github.com/valkey-io/valkey-go/cluster.go:808.2,808.11 1 0
github.com/valkey-io/valkey-go/cluster.go:808.11,810.3 1 0
github.com/valkey-io/valkey-go/cluster.go:811.2,811.11 1 0
github.com/valkey-io/valkey-go/cluster.go:814.89,815.21 1 0
github.com/valkey-io/valkey-go/cluster.go:815.21,817.3 1 0
github.com/valkey-io/valkey-go/cluster.go:819.2,820.16 2 0
github.com/valkey-io/valkey-go/cluster.go:820.16,822.3 1 0
github.com/valkey-io/valkey-go/cluster.go:823.2,832.1 6 0
github.com/valkey-io/valkey-go/cluster.go:833.2,839.32 6 0
github.com/valkey-io/valkey-go/cluster.go:839.32,843.8 4 0
github.com/valkey-io/valkey-go/cluster.go:845.2,845.32 1 0
github.com/valkey-io/valkey-go/cluster.go:845.32,848.3 2 0
github.com/valkey-io/valkey-go/cluster.go:849.2,853.25 4 0
github.com/valkey-io/valkey-go/cluster.go:853.25,854.28 1 0
github.com/valkey-io/valkey-go/cluster.go:854.28,856.14 2 0
github.com/valkey-io/valkey-go/cluster.go:858.3,858.30 1 0
github.com/valkey-io/valkey-go/cluster.go:858.30,861.14 3 0
github.com/valkey-io/valkey-go/cluster.go:865.2,865.28 1 0
github.com/valkey-io/valkey-go/cluster.go:865.28,866.43 1 0
github.com/valkey-io/valkey-go/cluster.go:866.43,868.4 1 0
github.com/valkey-io/valkey-go/cluster.go:870.2,870.18 1 0
github.com/valkey-io/valkey-go/cluster.go:873.58,875.25 2 0
github.com/valkey-io/valkey-go/cluster.go:875.25,877.3 1 0
github.com/valkey-io/valkey-go/cluster.go:878.2,878.16 1 0
github.com/valkey-io/valkey-go/cluster.go:881.108,884.1 2 0
github.com/valkey-io/valkey-go/cluster.go:885.2,886.16 2 0
github.com/valkey-io/valkey-go/cluster.go:886.16,888.3 1 0
github.com/valkey-io/valkey-go/cluster.go:889.2,890.45 2 0
github.com/valkey-io/valkey-go/cluster.go:890.45,891.13 1 0
github.com/valkey-io/valkey-go/cluster.go:893.1,894.69 1 0
github.com/valkey-io/valkey-go/cluster.go:895.20,897.2 2 0
github.com/valkey-io/valkey-go/cluster.go:898.3,899.46 2 0
github.com/valkey-io/valkey-go/cluster.go:899.46,900.16 1 0
github.com/valkey-io/valkey-go/cluster.go:902.3,902.15 1 0
github.com/valkey-io/valkey-go/cluster.go:903.19,907.15 4 0
github.com/valkey-io/valkey-go/cluster.go:908.21,909.14 1 0
github.com/valkey-io/valkey-go/cluster.go:909.14,911.19 2 0
github.com/valkey-io/valkey-go/cluster.go:911.19,913.15 2 0
github.com/valkey-io/valkey-go/cluster.go:917.2,917.13 1 0
github.com/valkey-io/valkey-go/cluster.go:920.108,922.74 2 0
github.com/valkey-io/valkey-go/cluster.go:922.74,924.3 1 0
github.com/valkey-io/valkey-go/cluster.go:925.2,925.13 1 0
github.com/valkey-io/valkey-go/cluster.go:928.101,931.28 3 0
github.com/valkey-io/valkey-go/cluster.go:931.28,932.11 1 0
github.com/valkey-io/valkey-go/cluster.go:932.11,935.4 2 0
github.com/valkey-io/valkey-go/cluster.go:935.9,938.4 2 0
github.com/valkey-io/valkey-go/cluster.go:940.2,942.15 3 0
github.com/valkey-io/valkey-go/cluster.go:942.15,944.2 2 0
github.com/valkey-io/valkey-go/cluster.go:945.3,947.32 3 0
github.com/valkey-io/valkey-go/cluster.go:947.32,948.37 1 0
github.com/valkey-io/valkey-go/cluster.go:948.37,950.5 1 0
github.com/valkey-io/valkey-go/cluster.go:951.4,951.47 1 0
github.com/valkey-io/valkey-go/cluster.go:951.47,953.10 2 0
github.com/valkey-io/valkey-go/cluster.go:956.3,956.18 1 0
github.com/valkey-io/valkey-go/cluster.go:956.18,959.16 3 0
github.com/valkey-io/valkey-go/cluster.go:962.2,962.31 1 0
github.com/valkey-io/valkey-go/cluster.go:962.31,963.36 1 0
github.com/valkey-io/valkey-go/cluster.go:963.36,965.4 1 0
github.com/valkey-io/valkey-go/cluster.go:967.2,968.16 2 0
github.com/valkey-io/valkey-go/cluster.go:971.109,973.28 2 0
github.com/valkey-io/valkey-go/cluster.go:973.28,976.3 2 0
github.com/valkey-io/valkey-go/cluster.go:977.2,979.15 3 0
github.com/valkey-io/valkey-go/cluster.go:979.15,981.2 2 0
github.com/valkey-io/valkey-go/cluster.go:982.3,983.40 2 0
github.com/valkey-io/valkey-go/cluster.go:983.40,984.53 1 0
github.com/valkey-io/valkey-go/cluster.go:984.53,986.10 2 0
github.com/valkey-io/valkey-go/cluster.go:989.3,989.18 1 0
github.com/valkey-io/valkey-go/cluster.go:989.18,992.16 3 0
github.com/valkey-io/valkey-go/cluster.go:995.2,995.39 1 0
github.com/valkey-io/valkey-go/cluster.go:995.39,996.51 1 0
github.com/valkey-io/valkey-go/cluster.go:996.51,997.53 1 0
github.com/valkey-io/valkey-go/cluster.go:997.53,999.5 1 0
github.com/valkey-io/valkey-go/cluster.go:1000.4,1000.52 1 0
github.com/valkey-io/valkey-go/cluster.go:1001.9,1003.4 1 0
github.com/valkey-io/valkey-go/cluster.go:1005.2,1006.16 2 0
github.com/valkey-io/valkey-go/cluster.go:1009.79,1014.52 4 0
github.com/valkey-io/valkey-go/cluster.go:1014.52,1015.29 1 0
github.com/valkey-io/valkey-go/cluster.go:1015.29,1017.16 2 0
github.com/valkey-io/valkey-go/cluster.go:1017.16,1019.5 1 0
github.com/valkey-io/valkey-go/cluster.go:1020.4,1020.16 1 0
github.com/valkey-io/valkey-go/cluster.go:1023.3,1024.30 2 0
github.com/valkey-io/valkey-go/cluster.go:1024.30,1026.4 1 0
github.com/valkey-io/valkey-go/cluster.go:1027.3,1029.29 2 0
github.com/valkey-io/valkey-go/cluster.go:1029.29,1034.4 4 0
github.com/valkey-io/valkey-go/cluster.go:1036.3,1036.17 1 0
github.com/valkey-io/valkey-go/cluster.go:1037.8,1040.42 3 0
github.com/valkey-io/valkey-go/cluster.go:1040.42,1042.4 1 0
github.com/valkey-io/valkey-go/cluster.go:1042.9,1044.4 1 0
github.com/valkey-io/valkey-go/cluster.go:1045.3,1045.29 1 0
github.com/valkey-io/valkey-go/cluster.go:1045.29,1047.48 2 0
github.com/valkey-io/valkey-go/cluster.go:1047.48,1049.5 1 0
github.com/valkey-io/valkey-go/cluster.go:1049.10,1051.5 1 0
github.com/valkey-io/valkey-go/cluster.go:1052.4,1052.16 1 0
github.com/valkey-io/valkey-go/cluster.go:1052.16,1054.5 1 0
github.com/valkey-io/valkey-go/cluster.go:1055.4,1056.16 2 0
github.com/valkey-io/valkey-go/cluster.go:1059.3,1060.30 2 0
github.com/valkey-io/valkey-go/cluster.go:1060.30,1062.4 1 0
github.com/valkey-io/valkey-go/cluster.go:1063.3,1065.29 2 0
github.com/valkey-io/valkey-go/cluster.go:1065.29,1070.4 4 0
github.com/valkey-io/valkey-go/cluster.go:1072.3,1072.17 1 0
github.com/valkey-io/valkey-go/cluster.go:1076.108,1078.18 2 0
github.com/valkey-io/valkey-go/cluster.go:1078.18,1079.40 1 0
github.com/valkey-io/valkey-go/cluster.go:1079.40,1081.4 1 0
github.com/valkey-io/valkey-go/cluster.go:1082.3,1082.53 1 0
github.com/valkey-io/valkey-go/cluster.go:1082.53,1084.4 1 0
github.com/valkey-io/valkey-go/cluster.go:1086.2,1086.19 1 0
github.com/valkey-io/valkey-go/cluster.go:1091.16,1093.29 2 0
github.com/valkey-io/valkey-go/cluster.go:1093.29,1099.27 6 0
github.com/valkey-io/valkey-go/cluster.go:1099.27,1102.29 3 0
github.com/valkey-io/valkey-go/cluster.go:1102.29,1103.17 1 0
github.com/valkey-io/valkey-go/cluster.go:1103.17,1104.14 1 0
github.com/valkey-io/valkey-go/cluster.go:1106.5,1106.86 1 0
github.com/valkey-io/valkey-go/cluster.go:1107.10,1109.5 1 0
github.com/valkey-io/valkey-go/cluster.go:1110.4,1111.29 2 0
github.com/valkey-io/valkey-go/cluster.go:1111.29,1113.5 1 0
github.com/valkey-io/valkey-go/cluster.go:1114.4,1114.48 1 0
github.com/valkey-io/valkey-go/cluster.go:1114.48,1116.5 1 0
github.com/valkey-io/valkey-go/cluster.go:1117.4,1118.17 2 0
github.com/valkey-io/valkey-go/cluster.go:1118.17,1121.5 2 0
github.com/valkey-io/valkey-go/cluster.go:1122.4,1122.27 1 0
github.com/valkey-io/valkey-go/cluster.go:1122.27,1125.5 2 0
github.com/valkey-io/valkey-go/cluster.go:1125.10,1128.5 2 0
github.com/valkey-io/valkey-go/cluster.go:1129.4,1129.15 1 0
github.com/valkey-io/valkey-go/cluster.go:1132.2,1132.14 1 0
github.com/valkey-io/valkey-go/cluster.go:1137.3,1139.27 2 0
github.com/valkey-io/valkey-go/cluster.go:1139.27,1141.16 2 0
github.com/valkey-io/valkey-go/cluster.go:1141.16,1143.3 2 0
github.com/valkey-io/valkey-go/cluster.go:1144.4,1145.33 2 0
github.com/valkey-io/valkey-go/cluster.go:1145.33,1146.48 1 0
github.com/valkey-io/valkey-go/cluster.go:1146.48,1148.11 2 0
github.com/valkey-io/valkey-go/cluster.go:1151.4,1151.19 1 0
github.com/valkey-io/valkey-go/cluster.go:1151.19,1154.17 3 0
github.com/valkey-io/valkey-go/cluster.go:1157.3,1158.22 2 0
github.com/valkey-io/valkey-go/cluster.go:1160.2,1160.27 1 0
github.com/valkey-io/valkey-go/cluster.go:1160.27,1164.3 3 0
github.com/valkey-io/valkey-go/cluster.go:1165.2,1165.11 1 0
github.com/valkey-io/valkey-go/cluster.go:1165.11,1167.3 1 0
github.com/valkey-io/valkey-go/cluster.go:1168.2,1168.11 1 0
github.com/valkey-io/valkey-go/cluster.go:1171.97,1172.21 1 0
github.com/valkey-io/valkey-go/cluster.go:1172.21,1174.3 1 0
github.com/valkey-io/valkey-go/cluster.go:1176.2,1177.16 2 0
github.com/valkey-io/valkey-go/cluster.go:1177.16,1179.3 1 0
github.com/valkey-io/valkey-go/cluster.go:1180.2,1189.1 6 0
github.com/valkey-io/valkey-go/cluster.go:1190.2,1196.32 6 0
github.com/valkey-io/valkey-go/cluster.go:1196.32,1200.8 4 0
github.com/valkey-io/valkey-go/cluster.go:1202.2,1202.32 1 0
github.com/valkey-io/valkey-go/cluster.go:1202.32,1205.3 2 0
github.com/valkey-io/valkey-go/cluster.go:1206.2,1210.25 4 0
github.com/valkey-io/valkey-go/cluster.go:1210.25,1211.28 1 0
github.com/valkey-io/valkey-go/cluster.go:1211.28,1213.14 2 0
github.com/valkey-io/valkey-go/cluster.go:1215.3,1215.30 1 0
github.com/valkey-io/valkey-go/cluster.go:1215.30,1218.14 3 0
github.com/valkey-io/valkey-go/cluster.go:1222.2,1222.28 1 0
github.com/valkey-io/valkey-go/cluster.go:1222.28,1223.83 1 0
github.com/valkey-io/valkey-go/cluster.go:1223.83,1225.4 1 0
github.com/valkey-io/valkey-go/cluster.go:1227.2,1227.18 1 0
github.com/valkey-io/valkey-go/cluster.go:1230.115,1232.1 2 0
github.com/valkey-io/valkey-go/cluster.go:1233.2,1234.16 2 0
github.com/valkey-io/valkey-go/cluster.go:1234.16,1235.11 1 0
github.com/valkey-io/valkey-go/cluster.go:1237.2,1238.27 2 0
github.com/valkey-io/valkey-go/cluster.go:1238.27,1239.13 1 0
github.com/valkey-io/valkey-go/cluster.go:1241.2,1241.80 1 0
github.com/valkey-io/valkey-go/cluster.go:1241.80,1243.18 2 0
github.com/valkey-io/valkey-go/cluster.go:1243.18,1245.14 2 0
github.com/valkey-io/valkey-go/cluster.go:1249.2,1249.16 1 0
github.com/valkey-io/valkey-go/cluster.go:1249.16,1251.3 1 0
github.com/valkey-io/valkey-go/cluster.go:1252.2,1252.12 1 0
github.com/valkey-io/valkey-go/cluster.go:1255.89,1257.16 2 0
github.com/valkey-io/valkey-go/cluster.go:1257.16,1259.3 1 0
github.com/valkey-io/valkey-go/cluster.go:1260.2,1262.12 3 0
github.com/valkey-io/valkey-go/cluster.go:1265.104,1266.21 1 0
github.com/valkey-io/valkey-go/cluster.go:1266.21,1268.3 1 0
github.com/valkey-io/valkey-go/cluster.go:1269.2,1271.34 3 0
github.com/valkey-io/valkey-go/cluster.go:1271.34,1272.47 1 0
github.com/valkey-io/valkey-go/cluster.go:1272.47,1273.29 1 0
github.com/valkey-io/valkey-go/cluster.go:1273.29,1275.5 1 0
github.com/valkey-io/valkey-go/cluster.go:1275.10,1275.24 1 0
github.com/valkey-io/valkey-go/cluster.go:1275.24,1276.66 1 0
github.com/valkey-io/valkey-go/cluster.go:1279.3,1279.39 1 0
github.com/valkey-io/valkey-go/cluster.go:1281.2,1282.16 2 0
github.com/valkey-io/valkey-go/cluster.go:1282.16,1284.3 1 0
github.com/valkey-io/valkey-go/cluster.go:1285.2,1286.28 2 0
github.com/valkey-io/valkey-go/cluster.go:1286.28,1288.3 1 0
github.com/valkey-io/valkey-go/cluster.go:1289.2,1289.12 1 0
github.com/valkey-io/valkey-go/cluster.go:1292.79,1297.2 4 0
github.com/valkey-io/valkey-go/cluster.go:1299.62,1302.2 2 0
github.com/valkey-io/valkey-go/cluster.go:1304.51,1308.32 4 0
github.com/valkey-io/valkey-go/cluster.go:1308.32,1309.17 1 0
github.com/valkey-io/valkey-go/cluster.go:1309.17,1311.4 1 0
github.com/valkey-io/valkey-go/cluster.go:1313.2,1314.15 2 0
github.com/valkey-io/valkey-go/cluster.go:1317.43,1319.2 1 0
github.com/valkey-io/valkey-go/cluster.go:1321.33,1322.48 1 0
github.com/valkey-io/valkey-go/cluster.go:1322.48,1324.3 1 0
github.com/valkey-io/valkey-go/cluster.go:1326.2,1327.29 2 0
github.com/valkey-io/valkey-go/cluster.go:1327.29,1329.3 1 0
github.com/valkey-io/valkey-go/cluster.go:1330.2,1330.16 1 0
github.com/valkey-io/valkey-go/cluster.go:1333.109,1334.93 1 0
github.com/valkey-io/valkey-go/cluster.go:1334.93,1335.40 1 0
github.com/valkey-io/valkey-go/cluster.go:1335.40,1336.36 1 0
github.com/valkey-io/valkey-go/cluster.go:1336.36,1338.5 1 0
github.com/valkey-io/valkey-go/cluster.go:1338.10,1338.41 1 0
github.com/valkey-io/valkey-go/cluster.go:1338.41,1340.5 1 0
github.com/valkey-io/valkey-go/cluster.go:1340.10,1340.73 1 0
github.com/valkey-io/valkey-go/cluster.go:1340.73,1342.5 1 0
github.com/valkey-io/valkey-go/cluster.go:1343.9,1343.30 1 0
github.com/valkey-io/valkey-go/cluster.go:1343.30,1345.4 1 0
github.com/valkey-io/valkey-go/cluster.go:1346.3,1346.27 1 0
github.com/valkey-io/valkey-go/cluster.go:1346.27,1348.4 1 0
github.com/valkey-io/valkey-go/cluster.go:1350.2,1350.8 1 0
github.com/valkey-io/valkey-go/cluster.go:1366.99,1369.12 3 0
github.com/valkey-io/valkey-go/cluster.go:1369.12,1371.3 1 0
github.com/valkey-io/valkey-go/cluster.go:1372.2,1372.27 1 0
github.com/valkey-io/valkey-go/cluster.go:1372.27,1374.3 1 0
github.com/valkey-io/valkey-go/cluster.go:1374.8,1374.52 1 0
github.com/valkey-io/valkey-go/cluster.go:1374.52,1375.24 1 0
github.com/valkey-io/valkey-go/cluster.go:1377.2,1377.19 1 0
github.com/valkey-io/valkey-go/cluster.go:1377.19,1379.3 1 0
github.com/valkey-io/valkey-go/cluster.go:1380.2,1380.65 1 0
github.com/valkey-io/valkey-go/cluster.go:1380.65,1381.29 1 0
github.com/valkey-io/valkey-go/cluster.go:1381.29,1385.4 3 0
github.com/valkey-io/valkey-go/cluster.go:1386.3,1386.18 1 0
github.com/valkey-io/valkey-go/cluster.go:1388.2,1389.28 2 0
github.com/valkey-io/valkey-go/cluster.go:1389.28,1392.28 3 0
github.com/valkey-io/valkey-go/cluster.go:1392.28,1393.22 1 0
github.com/valkey-io/valkey-go/cluster.go:1393.22,1395.5 1 0
github.com/valkey-io/valkey-go/cluster.go:1396.4,1396.18 1 0
github.com/valkey-io/valkey-go/cluster.go:1399.2,1399.20 1 0
github.com/valkey-io/valkey-go/cluster.go:1402.44,1404.13 2 0
github.com/valkey-io/valkey-go/cluster.go:1404.13,1405.29 1 0
github.com/valkey-io/valkey-go/cluster.go:1405.29,1408.4 2 0
github.com/valkey-io/valkey-go/cluster.go:1409.3,1409.20 1 0
github.com/valkey-io/valkey-go/cluster.go:1409.20,1411.4 1 0
github.com/valkey-io/valkey-go/cluster.go:1413.2,1414.15 2 0
github.com/valkey-io/valkey-go/cluster.go:1417.46,1419.2 1 0
github.com/valkey-io/valkey-go/cluster.go:1421.93,1423.1 2 0
github.com/valkey-io/valkey-go/cluster.go:1424.2,1424.54 1 0
github.com/valkey-io/valkey-go/cluster.go:1424.54,1426.3 1 0
github.com/valkey-io/valkey-go/cluster.go:1426.8,1428.74 2 0
github.com/valkey-io/valkey-go/cluster.go:1429.22,1430.55 1 0
github.com/valkey-io/valkey-go/cluster.go:1430.55,1434.20 2 0
github.com/valkey-io/valkey-go/cluster.go:1434.20,1436.16 2 0
github.com/valkey-io/valkey-go/cluster.go:1441.2,1441.34 1 0
github.com/valkey-io/valkey-go/cluster.go:1441.34,1443.3 1 0
github.com/valkey-io/valkey-go/cluster.go:1444.2,1444.13 1 0
github.com/valkey-io/valkey-go/cluster.go:1447.105,1448.21 1 0
github.com/valkey-io/valkey-go/cluster.go:1448.21,1450.3 1 0
github.com/valkey-io/valkey-go/cluster.go:1451.2,1452.25 2 0
github.com/valkey-io/valkey-go/cluster.go:1452.25,1453.24 1 0
github.com/valkey-io/valkey-go/cluster.go:1455.2,1456.15 2 0
github.com/valkey-io/valkey-go/cluster.go:1456.15,1458.3 1 0
github.com/valkey-io/valkey-go/cluster.go:1459.2,1460.1 2 0
github.com/valkey-io/valkey-go/cluster.go:1461.2,1461.48 1 0
github.com/valkey-io/valkey-go/cluster.go:1461.48,1463.26 2 0
github.com/valkey-io/valkey-go/cluster.go:1463.26,1465.62 2 0
github.com/valkey-io/valkey-go/cluster.go:1465.62,1469.20 2 0
github.com/valkey-io/valkey-go/cluster.go:1469.20,1471.16 2 0
github.com/valkey-io/valkey-go/cluster.go:1474.4,1474.28 1 0
github.com/valkey-io/valkey-go/cluster.go:1474.28,1475.10 1 0
github.com/valkey-io/valkey-go/cluster.go:1478.8,1480.23 2 0
github.com/valkey-io/valkey-go/cluster.go:1480.23,1482.4 1 0
github.com/valkey-io/valkey-go/cluster.go:1484.2,1484.28 1 0
github.com/valkey-io/valkey-go/cluster.go:1484.28,1485.38 1 0
github.com/valkey-io/valkey-go/cluster.go:1485.38,1487.4 1 0
github.com/valkey-io/valkey-go/cluster.go:1489.2,1489.13 1 0
github.com/valkey-io/valkey-go/cluster.go:1492.124,1497.1 2 0
github.com/valkey-io/valkey-go/cluster.go:1498.2,1498.59 1 0
github.com/valkey-io/valkey-go/cluster.go:1498.59,1500.109 2 0
github.com/valkey-io/valkey-go/cluster.go:1500.109,1502.19 2 0
github.com/valkey-io/valkey-go/cluster.go:1502.19,1504.15 2 0
github.com/valkey-io/valkey-go/cluster.go:1508.2,1508.16 1 0
github.com/valkey-io/valkey-go/cluster.go:1508.16,1510.3 1 0
github.com/valkey-io/valkey-go/cluster.go:1511.2,1511.12 1 0
github.com/valkey-io/valkey-go/cluster.go:1514.81,1517.12 3 0
github.com/valkey-io/valkey-go/cluster.go:1517.12,1521.3 3 0
github.com/valkey-io/valkey-go/cluster.go:1522.2,1522.28 1 0
github.com/valkey-io/valkey-go/cluster.go:1522.28,1525.3 2 0
github.com/valkey-io/valkey-go/cluster.go:1526.2,1526.19 1 0
github.com/valkey-io/valkey-go/cluster.go:1526.19,1528.3 1 0
github.com/valkey-io/valkey-go/cluster.go:1529.2,1529.20 1 0
github.com/valkey-io/valkey-go/cluster.go:1529.20,1531.3 1 0
github.com/valkey-io/valkey-go/cluster.go:1532.2,1534.11 3 0
github.com/valkey-io/valkey-go/cluster.go:1537.42,1539.28 2 0
github.com/valkey-io/valkey-go/cluster.go:1539.28,1543.3 3 0
github.com/valkey-io/valkey-go/cluster.go:1544.2,1544.19 1 0
github.com/valkey-io/valkey-go/cluster.go:1544.19,1546.3 1 0
github.com/valkey-io/valkey-go/cluster.go:1547.2,1548.13 2 0
github.com/valkey-io/valkey-go/helper.go:13.128,14.20 1 0
github.com/valkey-io/valkey-go/helper.go:14.20,16.3 1 0
github.com/valkey-io/valkey-go/helper.go:17.2,17.29 1 0
github.com/valkey-io/valkey-go/helper.go:17.29,19.3 1 0
github.com/valkey-io/valkey-go/helper.go:20.2,22.24 3 0
github.com/valkey-io/valkey-go/helper.go:22.24,24.3 1 0
github.com/valkey-io/valkey-go/helper.go:25.2,25.48 1 0
github.com/valkey-io/valkey-go/helper.go:28.42,29.28 1 0
github.com/valkey-io/valkey-go/helper.go:30.21,31.24 1 0
github.com/valkey-io/valkey-go/helper.go:32.19,33.32 1 0
github.com/valkey-io/valkey-go/helper.go:34.23,35.46 1 0
github.com/valkey-io/valkey-go/helper.go:36.22,37.44 1 0
github.com/valkey-io/valkey-go/helper.go:39.2,39.14 1 0
github.com/valkey-io/valkey-go/helper.go:43.104,44.20 1 0
github.com/valkey-io/valkey-go/helper.go:44.20,46.3 1 0
github.com/valkey-io/valkey-go/helper.go:48.2,48.23 1 0
github.com/valkey-io/valkey-go/helper.go:49.51,50.79 1 0
github.com/valkey-io/valkey-go/helper.go:53.2,55.24 3 0
github.com/valkey-io/valkey-go/helper.go:55.24,57.3 1 0
github.com/valkey-io/valkey-go/helper.go:58.2,58.46 1 0
github.com/valkey-io/valkey-go/helper.go:62.87,63.19 1 0
github.com/valkey-io/valkey-go/helper.go:63.19,65.3 1 0
github.com/valkey-io/valkey-go/helper.go:67.2,67.23 1 0
github.com/valkey-io/valkey-go/helper.go:68.51,69.80 1 0
github.com/valkey-io/valkey-go/helper.go:72.2,74.24 3 0
github.com/valkey-io/valkey-go/helper.go:74.24,76.3 1 0
github.com/valkey-io/valkey-go/helper.go:77.2,77.40 1 0
github.com/valkey-io/valkey-go/helper.go:81.79,82.20 1 0
github.com/valkey-io/valkey-go/helper.go:82.20,84.3 1 0
github.com/valkey-io/valkey-go/helper.go:86.2,86.23 1 0
github.com/valkey-io/valkey-go/helper.go:87.51,88.39 1 0
github.com/valkey-io/valkey-go/helper.go:91.2,93.25 3 0
github.com/valkey-io/valkey-go/helper.go:93.25,95.3 1 0
github.com/valkey-io/valkey-go/helper.go:96.2,96.40 1 0
github.com/valkey-io/valkey-go/helper.go:100.89,101.19 1 0
github.com/valkey-io/valkey-go/helper.go:101.19,103.3 1 0
github.com/valkey-io/valkey-go/helper.go:105.2,105.23 1 0
github.com/valkey-io/valkey-go/helper.go:106.51,107.82 1 0
github.com/valkey-io/valkey-go/helper.go:110.2,112.24 3 0
github.com/valkey-io/valkey-go/helper.go:112.24,114.3 1 0
github.com/valkey-io/valkey-go/helper.go:115.2,115.40 1 0
github.com/valkey-io/valkey-go/helper.go:119.145,120.20 1 0
github.com/valkey-io/valkey-go/helper.go:120.20,122.3 1 0
github.com/valkey-io/valkey-go/helper.go:123.2,125.24 3 0
github.com/valkey-io/valkey-go/helper.go:125.24,127.3 1 0
github.com/valkey-io/valkey-go/helper.go:128.2,128.48 1 0
github.com/valkey-io/valkey-go/helper.go:132.121,133.20 1 0
github.com/valkey-io/valkey-go/helper.go:133.20,135.3 1 0
github.com/valkey-io/valkey-go/helper.go:137.2,137.23 1 0
github.com/valkey-io/valkey-go/helper.go:138.51,139.94 1 0
github.com/valkey-io/valkey-go/helper.go:142.2,144.24 3 0
github.com/valkey-io/valkey-go/helper.go:144.24,146.3 1 0
github.com/valkey-io/valkey-go/helper.go:147.2,147.46 1 0
github.com/valkey-io/valkey-go/helper.go:151.104,152.19 1 0
github.com/valkey-io/valkey-go/helper.go:152.19,154.3 1 0
github.com/valkey-io/valkey-go/helper.go:156.2,156.23 1 0
github.com/valkey-io/valkey-go/helper.go:157.51,158.82 1 0
github.com/valkey-io/valkey-go/helper.go:161.2,163.24 3 0
github.com/valkey-io/valkey-go/helper.go:163.24,165.3 1 0
github.com/valkey-io/valkey-go/helper.go:166.2,166.40 1 0
github.com/valkey-io/valkey-go/helper.go:170.69,172.16 2 0
github.com/valkey-io/valkey-go/helper.go:172.16,174.3 1 0
github.com/valkey-io/valkey-go/helper.go:176.2,177.27 2 0
github.com/valkey-io/valkey-go/helper.go:177.27,179.41 2 0
github.com/valkey-io/valkey-go/helper.go:179.41,180.24 1 0
github.com/valkey-io/valkey-go/helper.go:180.24,181.13 1 0
github.com/valkey-io/valkey-go/helper.go:183.4,183.14 1 0
github.com/valkey-io/valkey-go/helper.go:185.3,185.12 1 0
github.com/valkey-io/valkey-go/helper.go:187.2,188.12 2 0
github.com/valkey-io/valkey-go/helper.go:191.125,193.16 2 0
github.com/valkey-io/valkey-go/helper.go:193.16,195.3 1 0
github.com/valkey-io/valkey-go/helper.go:196.2,196.77 1 0
github.com/valkey-io/valkey-go/helper.go:199.128,201.24 2 0
github.com/valkey-io/valkey-go/helper.go:201.24,203.3 1 0
github.com/valkey-io/valkey-go/helper.go:204.2,205.23 2 0
github.com/valkey-io/valkey-go/helper.go:205.23,207.3 1 0
github.com/valkey-io/valkey-go/helper.go:208.2,208.21 1 0
github.com/valkey-io/valkey-go/helper.go:208.21,210.3 1 0
github.com/valkey-io/valkey-go/helper.go:211.2,211.12 1 0
github.com/valkey-io/valkey-go/helper.go:214.132,216.24 2 0
github.com/valkey-io/valkey-go/helper.go:216.24,218.3 1 0
github.com/valkey-io/valkey-go/helper.go:219.2,220.21 2 0
github.com/valkey-io/valkey-go/helper.go:220.21,222.3 1 0
github.com/valkey-io/valkey-go/helper.go:223.2,223.12 1 0
github.com/valkey-io/valkey-go/helper.go:226.85,229.25 3 0
github.com/valkey-io/valkey-go/helper.go:229.25,231.3 1 0
github.com/valkey-io/valkey-go/helper.go:232.2,232.12 1 0
github.com/valkey-io/valkey-go/helper.go:235.129,239.29 4 0
github.com/valkey-io/valkey-go/helper.go:239.29,240.47 1 0
github.com/valkey-io/valkey-go/helper.go:240.47,242.4 1 0
github.com/valkey-io/valkey-go/helper.go:243.3,243.26 1 0
github.com/valkey-io/valkey-go/helper.go:245.2,245.17 1 0
github.com/valkey-io/valkey-go/helper.go:248.124,252.29 4 0
github.com/valkey-io/valkey-go/helper.go:252.29,253.47 1 0
github.com/valkey-io/valkey-go/helper.go:253.47,255.4 1 0
github.com/valkey-io/valkey-go/helper.go:256.3,256.26 1 0
github.com/valkey-io/valkey-go/helper.go:258.2,258.17 1 0
github.com/valkey-io/valkey-go/helper.go:261.90,264.29 3 0
github.com/valkey-io/valkey-go/helper.go:264.29,265.78 1 0
github.com/valkey-io/valkey-go/helper.go:265.78,267.4 1 0
github.com/valkey-io/valkey-go/helper.go:269.2,270.12 2 0
github.com/valkey-io/valkey-go/helper.go:273.105,274.27 1 0
github.com/valkey-io/valkey-go/helper.go:274.27,276.3 1 0
github.com/valkey-io/valkey-go/helper.go:277.2,277.10 1 0
github.com/valkey-io/valkey-go/helper.go:289.71,291.2 1 0
github.com/valkey-io/valkey-go/helper.go:293.45,294.41 1 0
github.com/valkey-io/valkey-go/helper.go:294.41,296.81 2 0
github.com/valkey-io/valkey-go/helper.go:296.81,298.4 1 0
github.com/valkey-io/valkey-go/helper.go:302.43,303.39 1 0
github.com/valkey-io/valkey-go/helper.go:303.39,304.28 1 0
github.com/valkey-io/valkey-go/helper.go:304.28,305.49 1 0
github.com/valkey-io/valkey-go/helper.go:305.50,306.5 0 0
github.com/valkey-io/valkey-go/helper.go:311.53,312.47 1 0
github.com/valkey-io/valkey-go/helper.go:312.47,313.28 1 0
github.com/valkey-io/valkey-go/helper.go:313.28,314.63 1 0
github.com/valkey-io/valkey-go/helper.go:314.64,315.5 0 0
github.com/valkey-io/valkey-go/helper.go:320.31,322.2 1 0
github.com/valkey-io/valkey-go/lru.go:35.71,36.33 1 0
github.com/valkey-io/valkey-go/lru.go:36.33,38.3 1 0
github.com/valkey-io/valkey-go/lru.go:38.8,39.10 1 0
github.com/valkey-io/valkey-go/lru.go:40.13,41.37 1 0
github.com/valkey-io/valkey-go/lru.go:42.15,42.15 0 0
github.com/valkey-io/valkey-go/lru.go:45.2,45.21 1 0
github.com/valkey-io/valkey-go/lru.go:65.46,71.2 1 1
github.com/valkey-io/valkey-go/lru.go:73.106,80.31 6 0
github.com/valkey-io/valkey-go/lru.go:80.31,81.38 1 0
github.com/valkey-io/valkey-go/lru.go:81.38,85.4 3 0
github.com/valkey-io/valkey-go/lru.go:87.2,89.57 2 0
github.com/valkey-io/valkey-go/lru.go:89.57,91.45 2 0
github.com/valkey-io/valkey-go/lru.go:91.45,93.21 2 0
github.com/valkey-io/valkey-go/lru.go:93.21,95.5 1 0
github.com/valkey-io/valkey-go/lru.go:96.4,96.17 1 0
github.com/valkey-io/valkey-go/lru.go:98.3,98.14 1 0
github.com/valkey-io/valkey-go/lru.go:101.2,105.32 4 0
github.com/valkey-io/valkey-go/lru.go:105.32,106.21 1 0
github.com/valkey-io/valkey-go/lru.go:106.21,107.12 1 0
github.com/valkey-io/valkey-go/lru.go:109.3,110.20 2 0
github.com/valkey-io/valkey-go/lru.go:112.2,112.37 1 0
github.com/valkey-io/valkey-go/lru.go:112.37,113.81 1 0
github.com/valkey-io/valkey-go/lru.go:113.81,118.12 5 0
github.com/valkey-io/valkey-go/lru.go:119.9,122.4 2 0
github.com/valkey-io/valkey-go/lru.go:124.2,127.1 4 0
github.com/valkey-io/valkey-go/lru.go:128.2,129.14 2 0
github.com/valkey-io/valkey-go/lru.go:132.127,136.27 3 0
github.com/valkey-io/valkey-go/lru.go:136.27,138.33 2 0
github.com/valkey-io/valkey-go/lru.go:138.33,139.40 1 0
github.com/valkey-io/valkey-go/lru.go:139.40,142.19 3 0
github.com/valkey-io/valkey-go/lru.go:142.19,144.6 1 0
github.com/valkey-io/valkey-go/lru.go:144.11,144.39 1 0
github.com/valkey-io/valkey-go/lru.go:144.39,146.6 1 0
github.com/valkey-io/valkey-go/lru.go:146.11,147.16 1 0
github.com/valkey-io/valkey-go/lru.go:149.5,149.57 1 0
github.com/valkey-io/valkey-go/lru.go:149.57,150.22 1 0
github.com/valkey-io/valkey-go/lru.go:150.22,152.7 1 0
github.com/valkey-io/valkey-go/lru.go:153.6,153.32 1 0
github.com/valkey-io/valkey-go/lru.go:155.5,155.13 1 0
github.com/valkey-io/valkey-go/lru.go:159.3,159.20 1 0
github.com/valkey-io/valkey-go/lru.go:159.20,161.4 1 0
github.com/valkey-io/valkey-go/lru.go:162.3,162.29 1 0
github.com/valkey-io/valkey-go/lru.go:164.2,166.20 2 0
github.com/valkey-io/valkey-go/lru.go:166.20,168.20 2 0
github.com/valkey-io/valkey-go/lru.go:168.20,169.30 1 0
github.com/valkey-io/valkey-go/lru.go:169.30,171.5 1 0
github.com/valkey-io/valkey-go/lru.go:173.3,173.16 1 0
github.com/valkey-io/valkey-go/lru.go:176.2,176.22 1 0
github.com/valkey-io/valkey-go/lru.go:176.22,178.3 1 0
github.com/valkey-io/valkey-go/lru.go:180.2,182.20 3 0
github.com/valkey-io/valkey-go/lru.go:182.20,185.3 2 0
github.com/valkey-io/valkey-go/lru.go:186.2,186.27 1 0
github.com/valkey-io/valkey-go/lru.go:186.27,189.10 3 0
github.com/valkey-io/valkey-go/lru.go:189.10,192.4 2 0
github.com/valkey-io/valkey-go/lru.go:193.3,193.39 1 0
github.com/valkey-io/valkey-go/lru.go:193.39,196.18 3 0
github.com/valkey-io/valkey-go/lru.go:196.18,198.5 1 0
github.com/valkey-io/valkey-go/lru.go:198.10,198.38 1 0
github.com/valkey-io/valkey-go/lru.go:198.38,200.5 1 0
github.com/valkey-io/valkey-go/lru.go:200.10,203.15 3 0
github.com/valkey-io/valkey-go/lru.go:205.4,207.12 3 0
github.com/valkey-io/valkey-go/lru.go:210.3,215.6 6 0
github.com/valkey-io/valkey-go/lru.go:217.2,218.19 2 0
github.com/valkey-io/valkey-go/lru.go:221.73,224.32 3 0
github.com/valkey-io/valkey-go/lru.go:224.32,225.39 1 0
github.com/valkey-io/valkey-go/lru.go:225.39,226.52 1 0
github.com/valkey-io/valkey-go/lru.go:226.52,229.34 3 0
github.com/valkey-io/valkey-go/lru.go:229.34,233.6 2 0
github.com/valkey-io/valkey-go/lru.go:234.5,237.14 4 0
github.com/valkey-io/valkey-go/lru.go:240.4,241.37 2 0
github.com/valkey-io/valkey-go/lru.go:241.37,242.53 1 0
github.com/valkey-io/valkey-go/lru.go:242.53,244.53 2 0
github.com/valkey-io/valkey-go/lru.go:244.53,246.7 1 0
github.com/valkey-io/valkey-go/lru.go:247.6,248.22 2 0
github.com/valkey-io/valkey-go/lru.go:250.5,250.21 1 0
github.com/valkey-io/valkey-go/lru.go:254.2,255.15 2 0
github.com/valkey-io/valkey-go/lru.go:255.15,257.3 1 0
github.com/valkey-io/valkey-go/lru.go:258.2,258.8 1 0
github.com/valkey-io/valkey-go/lru.go:261.50,264.32 3 0
github.com/valkey-io/valkey-go/lru.go:264.32,265.39 1 0
github.com/valkey-io/valkey-go/lru.go:265.39,266.52 1 0
github.com/valkey-io/valkey-go/lru.go:266.52,269.50 3 0
github.com/valkey-io/valkey-go/lru.go:269.50,271.6 1 0
github.com/valkey-io/valkey-go/lru.go:272.5,272.23 1 0
github.com/valkey-io/valkey-go/lru.go:276.2,277.15 2 0
github.com/valkey-io/valkey-go/lru.go:277.15,279.3 1 0
github.com/valkey-io/valkey-go/lru.go:282.59,284.56 2 0
github.com/valkey-io/valkey-go/lru.go:284.56,286.3 1 0
github.com/valkey-io/valkey-go/lru.go:287.2,287.14 1 0
github.com/valkey-io/valkey-go/lru.go:287.14,289.3 1 0
github.com/valkey-io/valkey-go/lru.go:290.2,291.8 2 0
github.com/valkey-io/valkey-go/lru.go:294.47,295.15 1 0
github.com/valkey-io/valkey-go/lru.go:295.15,296.34 1 0
github.com/valkey-io/valkey-go/lru.go:296.34,297.18 1 0
github.com/valkey-io/valkey-go/lru.go:297.18,299.23 2 0
github.com/valkey-io/valkey-go/lru.go:299.23,300.14 1 0
github.com/valkey-io/valkey-go/lru.go:302.5,303.21 2 0
github.com/valkey-io/valkey-go/lru.go:305.4,305.49 1 0
github.com/valkey-io/valkey-go/lru.go:305.49,307.5 1 0
github.com/valkey-io/valkey-go/lru.go:312.44,314.17 2 0
github.com/valkey-io/valkey-go/lru.go:314.17,315.32 1 0
github.com/valkey-io/valkey-go/lru.go:315.32,317.4 1 0
github.com/valkey-io/valkey-go/lru.go:318.8,319.26 1 0
github.com/valkey-io/valkey-go/lru.go:319.26,321.4 1 0
github.com/valkey-io/valkey-go/lru.go:323.2,323.15 1 0
github.com/valkey-io/valkey-go/lru.go:326.32,328.29 2 1
github.com/valkey-io/valkey-go/lru.go:328.29,329.32 1 0
github.com/valkey-io/valkey-go/lru.go:329.32,330.18 1 0
github.com/valkey-io/valkey-go/lru.go:330.18,331.53 1 0
github.com/valkey-io/valkey-go/lru.go:331.53,334.6 2 0
github.com/valkey-io/valkey-go/lru.go:338.2,340.15 3 1
github.com/valkey-io/valkey-go/lua.go:14.39,16.2 1 0
github.com/valkey-io/valkey-go/lua.go:19.47,21.2 1 0
github.com/valkey-io/valkey-go/lua.go:27.44,29.2 1 0
github.com/valkey-io/valkey-go/lua.go:35.52,37.2 1 0
github.com/valkey-io/valkey-go/lua.go:39.67,41.13 2 0
github.com/valkey-io/valkey-go/lua.go:41.13,45.3 2 0
github.com/valkey-io/valkey-go/lua.go:46.2,52.3 1 0
github.com/valkey-io/valkey-go/lua.go:68.92,70.15 2 0
github.com/valkey-io/valkey-go/lua.go:70.15,71.17 1 0
github.com/valkey-io/valkey-go/lua.go:71.17,73.4 1 0
github.com/valkey-io/valkey-go/lua.go:73.9,75.4 1 0
github.com/valkey-io/valkey-go/lua.go:76.3,77.41 2 0
github.com/valkey-io/valkey-go/lua.go:79.2,79.28 1 0
github.com/valkey-io/valkey-go/lua.go:79.28,80.17 1 0
github.com/valkey-io/valkey-go/lua.go:80.17,82.4 1 0
github.com/valkey-io/valkey-go/lua.go:82.9,84.4 1 0
github.com/valkey-io/valkey-go/lua.go:86.2,86.13 1 0
github.com/valkey-io/valkey-go/lua.go:99.96,100.15 1 0
github.com/valkey-io/valkey-go/lua.go:100.15,102.55 2 0
github.com/valkey-io/valkey-go/lua.go:102.55,103.89 1 0
github.com/valkey-io/valkey-go/lua.go:103.89,105.5 1 0
github.com/valkey-io/valkey-go/lua.go:107.3,107.34 1 0
github.com/valkey-io/valkey-go/lua.go:107.34,109.35 2 0
github.com/valkey-io/valkey-go/lua.go:109.35,111.5 1 0
github.com/valkey-io/valkey-go/lua.go:112.4,112.10 1 0
github.com/valkey-io/valkey-go/lua.go:115.2,116.26 2 0
github.com/valkey-io/valkey-go/lua.go:116.26,117.16 1 0
github.com/valkey-io/valkey-go/lua.go:117.16,118.18 1 0
github.com/valkey-io/valkey-go/lua.go:118.18,120.5 1 0
github.com/valkey-io/valkey-go/lua.go:120.10,122.5 1 0
github.com/valkey-io/valkey-go/lua.go:123.9,124.18 1 0
github.com/valkey-io/valkey-go/lua.go:124.18,126.5 1 0
github.com/valkey-io/valkey-go/lua.go:126.10,128.5 1 0
github.com/valkey-io/valkey-go/lua.go:131.2,131.32 1 0
github.com/valkey-io/valkey-go/message.go:29.34,31.2 1 0
github.com/valkey-io/valkey-go/message.go:34.33,36.2 1 0
github.com/valkey-io/valkey-go/message.go:39.40,40.39 1 0
github.com/valkey-io/valkey-go/message.go:40.39,42.3 1 0
github.com/valkey-io/valkey-go/message.go:43.2,43.14 1 0
github.com/valkey-io/valkey-go/message.go:47.57,50.2 2 1
github.com/valkey-io/valkey-go/message.go:56.39,57.20 1 1
github.com/valkey-io/valkey-go/message.go:57.20,59.3 1 0
github.com/valkey-io/valkey-go/message.go:60.2,60.41 1 1
github.com/valkey-io/valkey-go/message.go:63.38,64.15 1 1
github.com/valkey-io/valkey-go/message.go:64.15,66.3 1 0
github.com/valkey-io/valkey-go/message.go:67.2,67.19 1 1
github.com/valkey-io/valkey-go/message.go:71.36,73.2 1 1
github.com/valkey-io/valkey-go/message.go:76.56,77.53 1 0
github.com/valkey-io/valkey-go/message.go:77.53,79.3 1 0
github.com/valkey-io/valkey-go/message.go:80.2,80.8 1 0
github.com/valkey-io/valkey-go/message.go:84.54,85.51 1 0
github.com/valkey-io/valkey-go/message.go:85.51,87.3 1 0
github.com/valkey-io/valkey-go/message.go:88.2,88.8 1 0
github.com/valkey-io/valkey-go/message.go:92.59,93.56 1 1
github.com/valkey-io/valkey-go/message.go:93.56,95.3 1 1
github.com/valkey-io/valkey-go/message.go:96.2,96.8 1 1
github.com/valkey-io/valkey-go/message.go:99.42,100.73 1 1
github.com/valkey-io/valkey-go/message.go:100.73,101.52 1 0
github.com/valkey-io/valkey-go/message.go:101.52,103.4 1 0
github.com/valkey-io/valkey-go/message.go:105.2,105.13 1 1
github.com/valkey-io/valkey-go/message.go:109.41,111.2 1 0
github.com/valkey-io/valkey-go/message.go:114.40,116.2 1 0
github.com/valkey-io/valkey-go/message.go:119.44,121.2 1 0
github.com/valkey-io/valkey-go/message.go:124.41,126.2 1 0
github.com/valkey-io/valkey-go/message.go:129.42,131.2 1 0
github.com/valkey-io/valkey-go/message.go:133.59,135.2 1 1
github.com/valkey-io/valkey-go/message.go:137.43,139.2 1 1
github.com/valkey-io/valkey-go/message.go:149.46,151.2 1 1
github.com/valkey-io/valkey-go/message.go:154.43,155.18 1 1
github.com/valkey-io/valkey-go/message.go:155.18,157.3 1 1
github.com/valkey-io/valkey-go/message.go:157.8,159.3 1 1
github.com/valkey-io/valkey-go/message.go:160.2,160.8 1 1
github.com/valkey-io/valkey-go/message.go:164.64,165.18 1 0
github.com/valkey-io/valkey-go/message.go:165.18,167.3 1 0
github.com/valkey-io/valkey-go/message.go:167.8,169.3 1 0
github.com/valkey-io/valkey-go/message.go:170.2,170.19 1 0
github.com/valkey-io/valkey-go/message.go:174.54,175.18 1 0
github.com/valkey-io/valkey-go/message.go:175.18,177.3 1 0
github.com/valkey-io/valkey-go/message.go:177.8,179.3 1 0
github.com/valkey-io/valkey-go/message.go:180.2,180.8 1 0
github.com/valkey-io/valkey-go/message.go:184.52,185.18 1 0
github.com/valkey-io/valkey-go/message.go:185.18,187.3 1 0
github.com/valkey-io/valkey-go/message.go:187.8,189.3 1 0
github.com/valkey-io/valkey-go/message.go:190.2,190.8 1 0
github.com/valkey-io/valkey-go/message.go:194.58,195.18 1 0
github.com/valkey-io/valkey-go/message.go:195.18,197.3 1 0
github.com/valkey-io/valkey-go/message.go:197.8,199.3 1 0
github.com/valkey-io/valkey-go/message.go:200.2,200.8 1 0
github.com/valkey-io/valkey-go/message.go:204.56,205.18 1 1
github.com/valkey-io/valkey-go/message.go:205.18,207.3 1 0
github.com/valkey-io/valkey-go/message.go:207.8,209.3 1 1
github.com/valkey-io/valkey-go/message.go:210.2,210.8 1 1
github.com/valkey-io/valkey-go/message.go:214.59,215.18 1 0
github.com/valkey-io/valkey-go/message.go:215.18,217.3 1 0
github.com/valkey-io/valkey-go/message.go:217.8,219.3 1 0
github.com/valkey-io/valkey-go/message.go:220.2,220.8 1 0
github.com/valkey-io/valkey-go/message.go:224.55,225.18 1 0
github.com/valkey-io/valkey-go/message.go:225.18,227.3 1 0
github.com/valkey-io/valkey-go/message.go:227.8,229.3 1 0
github.com/valkey-io/valkey-go/message.go:230.2,230.8 1 0
github.com/valkey-io/valkey-go/message.go:234.53,235.18 1 0
github.com/valkey-io/valkey-go/message.go:235.18,237.3 1 0
github.com/valkey-io/valkey-go/message.go:237.8,239.3 1 0
github.com/valkey-io/valkey-go/message.go:240.2,240.8 1 0
github.com/valkey-io/valkey-go/message.go:244.54,245.18 1 0
github.com/valkey-io/valkey-go/message.go:245.18,247.3 1 0
github.com/valkey-io/valkey-go/message.go:247.8,249.3 1 0
github.com/valkey-io/valkey-go/message.go:250.2,250.8 1 0
github.com/valkey-io/valkey-go/message.go:254.56,255.18 1 0
github.com/valkey-io/valkey-go/message.go:255.18,257.3 1 0
github.com/valkey-io/valkey-go/message.go:257.8,259.3 1 0
github.com/valkey-io/valkey-go/message.go:260.2,260.8 1 0
github.com/valkey-io/valkey-go/message.go:264.52,265.18 1 0
github.com/valkey-io/valkey-go/message.go:265.18,267.3 1 0
github.com/valkey-io/valkey-go/message.go:267.8,269.3 1 0
github.com/valkey-io/valkey-go/message.go:270.2,270.8 1 0
github.com/valkey-io/valkey-go/message.go:274.58,275.18 1 0
github.com/valkey-io/valkey-go/message.go:275.18,277.3 1 0
github.com/valkey-io/valkey-go/message.go:277.8,279.3 1 0
github.com/valkey-io/valkey-go/message.go:280.2,280.8 1 0
github.com/valkey-io/valkey-go/message.go:284.64,285.18 1 0
github.com/valkey-io/valkey-go/message.go:285.18,287.3 1 0
github.com/valkey-io/valkey-go/message.go:287.8,289.3 1 0
github.com/valkey-io/valkey-go/message.go:290.2,290.8 1 0
github.com/valkey-io/valkey-go/message.go:294.60,295.18 1 0
github.com/valkey-io/valkey-go/message.go:295.18,297.3 1 0
github.com/valkey-io/valkey-go/message.go:297.8,299.3 1 0
github.com/valkey-io/valkey-go/message.go:300.2,300.8 1 0
github.com/valkey-io/valkey-go/message.go:304.59,305.18 1 0
github.com/valkey-io/valkey-go/message.go:305.18,307.3 1 0
github.com/valkey-io/valkey-go/message.go:307.8,309.3 1 0
github.com/valkey-io/valkey-go/message.go:310.2,310.8 1 0
github.com/valkey-io/valkey-go/message.go:314.63,315.18 1 0
github.com/valkey-io/valkey-go/message.go:315.18,317.3 1 0
github.com/valkey-io/valkey-go/message.go:317.8,319.3 1 0
github.com/valkey-io/valkey-go/message.go:320.2,320.8 1 0
github.com/valkey-io/valkey-go/message.go:324.59,325.18 1 0
github.com/valkey-io/valkey-go/message.go:325.18,327.3 1 0
github.com/valkey-io/valkey-go/message.go:327.8,329.3 1 0
github.com/valkey-io/valkey-go/message.go:330.2,330.8 1 0
github.com/valkey-io/valkey-go/message.go:334.66,335.18 1 0
github.com/valkey-io/valkey-go/message.go:335.18,337.3 1 0
github.com/valkey-io/valkey-go/message.go:337.8,339.3 1 0
github.com/valkey-io/valkey-go/message.go:340.2,340.8 1 0
github.com/valkey-io/valkey-go/message.go:344.63,345.18 1 0
github.com/valkey-io/valkey-go/message.go:345.18,347.3 1 0
github.com/valkey-io/valkey-go/message.go:347.8,349.3 1 0
github.com/valkey-io/valkey-go/message.go:350.2,350.8 1 0
github.com/valkey-io/valkey-go/message.go:354.56,355.18 1 0
github.com/valkey-io/valkey-go/message.go:355.18,357.3 1 0
github.com/valkey-io/valkey-go/message.go:357.8,359.3 1 0
github.com/valkey-io/valkey-go/message.go:360.2,360.8 1 0
github.com/valkey-io/valkey-go/message.go:364.59,365.18 1 0
github.com/valkey-io/valkey-go/message.go:365.18,367.3 1 0
github.com/valkey-io/valkey-go/message.go:367.8,369.3 1 0
github.com/valkey-io/valkey-go/message.go:370.2,370.8 1 0
github.com/valkey-io/valkey-go/message.go:374.73,375.18 1 0
github.com/valkey-io/valkey-go/message.go:375.18,377.3 1 0
github.com/valkey-io/valkey-go/message.go:377.8,379.3 1 0
github.com/valkey-io/valkey-go/message.go:380.2,380.8 1 0
github.com/valkey-io/valkey-go/message.go:384.66,385.18 1 0
github.com/valkey-io/valkey-go/message.go:385.18,387.3 1 0
github.com/valkey-io/valkey-go/message.go:387.8,389.3 1 0
github.com/valkey-io/valkey-go/message.go:390.2,390.8 1 0
github.com/valkey-io/valkey-go/message.go:394.69,395.18 1 0
github.com/valkey-io/valkey-go/message.go:395.18,397.3 1 0
github.com/valkey-io/valkey-go/message.go:397.8,399.3 1 0
github.com/valkey-io/valkey-go/message.go:400.2,400.8 1 0
github.com/valkey-io/valkey-go/message.go:404.79,405.18 1 0
github.com/valkey-io/valkey-go/message.go:405.18,407.3 1 0
github.com/valkey-io/valkey-go/message.go:407.8,409.3 1 0
github.com/valkey-io/valkey-go/message.go:410.2,410.8 1 0
github.com/valkey-io/valkey-go/message.go:413.58,414.18 1 0
github.com/valkey-io/valkey-go/message.go:414.18,416.3 1 0
github.com/valkey-io/valkey-go/message.go:416.8,418.3 1 0
github.com/valkey-io/valkey-go/message.go:419.2,419.8 1 0
github.com/valkey-io/valkey-go/message.go:422.59,423.18 1 0
github.com/valkey-io/valkey-go/message.go:423.18,425.3 1 0
github.com/valkey-io/valkey-go/message.go:425.8,427.3 1 0
github.com/valkey-io/valkey-go/message.go:428.2,428.8 1 0
github.com/valkey-io/valkey-go/message.go:431.81,432.18 1 0
github.com/valkey-io/valkey-go/message.go:432.18,434.3 1 0
github.com/valkey-io/valkey-go/message.go:434.8,436.3 1 0
github.com/valkey-io/valkey-go/message.go:437.2,437.8 1 0
github.com/valkey-io/valkey-go/message.go:440.90,441.18 1 0
github.com/valkey-io/valkey-go/message.go:441.18,443.3 1 0
github.com/valkey-io/valkey-go/message.go:443.8,445.3 1 0
github.com/valkey-io/valkey-go/message.go:446.2,446.8 1 0
github.com/valkey-io/valkey-go/message.go:449.104,450.18 1 0
github.com/valkey-io/valkey-go/message.go:450.18,452.3 1 0
github.com/valkey-io/valkey-go/message.go:452.8,454.3 1 0
github.com/valkey-io/valkey-go/message.go:455.2,455.8 1 0
github.com/valkey-io/valkey-go/message.go:458.74,459.18 1 0
github.com/valkey-io/valkey-go/message.go:459.18,461.3 1 0
github.com/valkey-io/valkey-go/message.go:461.8,463.3 1 0
github.com/valkey-io/valkey-go/message.go:464.2,464.8 1 0
github.com/valkey-io/valkey-go/message.go:468.71,469.18 1 1
github.com/valkey-io/valkey-go/message.go:469.18,471.3 1 0
github.com/valkey-io/valkey-go/message.go:471.8,473.3 1 1
github.com/valkey-io/valkey-go/message.go:474.2,474.8 1 1
github.com/valkey-io/valkey-go/message.go:478.67,479.18 1 0
github.com/valkey-io/valkey-go/message.go:479.18,481.3 1 0
github.com/valkey-io/valkey-go/message.go:481.8,483.3 1 0
github.com/valkey-io/valkey-go/message.go:484.2,484.8 1 0
github.com/valkey-io/valkey-go/message.go:488.66,489.18 1 0
github.com/valkey-io/valkey-go/message.go:489.18,491.3 1 0
github.com/valkey-io/valkey-go/message.go:491.8,493.3 1 0
github.com/valkey-io/valkey-go/message.go:494.2,494.8 1 0
github.com/valkey-io/valkey-go/message.go:498.62,499.18 1 0
github.com/valkey-io/valkey-go/message.go:499.18,501.3 1 0
github.com/valkey-io/valkey-go/message.go:501.8,503.3 1 0
github.com/valkey-io/valkey-go/message.go:504.2,504.8 1 0
github.com/valkey-io/valkey-go/message.go:508.71,509.18 1 0
github.com/valkey-io/valkey-go/message.go:509.18,511.3 1 0
github.com/valkey-io/valkey-go/message.go:511.8,513.3 1 0
github.com/valkey-io/valkey-go/message.go:514.2,514.8 1 0
github.com/valkey-io/valkey-go/message.go:518.50,519.18 1 0
github.com/valkey-io/valkey-go/message.go:519.18,521.3 1 0
github.com/valkey-io/valkey-go/message.go:521.8,523.3 1 0
github.com/valkey-io/valkey-go/message.go:524.2,524.8 1 0
github.com/valkey-io/valkey-go/message.go:528.41,530.2 1 0
github.com/valkey-io/valkey-go/message.go:533.40,535.2 1 0
github.com/valkey-io/valkey-go/message.go:538.41,540.2 1 0
github.com/valkey-io/valkey-go/message.go:543.41,545.2 1 0
github.com/valkey-io/valkey-go/message.go:548.40,551.2 2 0
github.com/valkey-io/valkey-go/message.go:556.60,562.18 3 0
github.com/valkey-io/valkey-go/message.go:562.18,564.3 1 0
github.com/valkey-io/valkey-go/message.go:564.8,566.3 1 0
github.com/valkey-io/valkey-go/message.go:567.2,567.26 1 0
github.com/valkey-io/valkey-go/message.go:583.41,584.20 1 1
github.com/valkey-io/valkey-go/message.go:584.20,586.3 1 0
github.com/valkey-io/valkey-go/message.go:587.2,587.41 1 1
github.com/valkey-io/valkey-go/message.go:590.50,591.20 1 1
github.com/valkey-io/valkey-go/message.go:591.20,593.3 1 0
github.com/valkey-io/valkey-go/message.go:594.2,594.40 1 1
github.com/valkey-io/valkey-go/message.go:597.45,600.2 2 1
github.com/valkey-io/valkey-go/message.go:602.59,605.2 2 0
github.com/valkey-io/valkey-go/message.go:607.41,609.15 2 0
github.com/valkey-io/valkey-go/message.go:610.39,610.39 0 0
github.com/valkey-io/valkey-go/message.go:611.35,612.34 1 0
github.com/valkey-io/valkey-go/message.go:612.34,614.4 1 0
github.com/valkey-io/valkey-go/message.go:615.10,616.23 1 0
github.com/valkey-io/valkey-go/message.go:618.2,618.10 1 0
github.com/valkey-io/valkey-go/message.go:621.52,624.15 3 0
github.com/valkey-io/valkey-go/message.go:625.39,627.18 2 0
github.com/valkey-io/valkey-go/message.go:628.35,631.34 3 0
github.com/valkey-io/valkey-go/message.go:631.34,633.4 1 0
github.com/valkey-io/valkey-go/message.go:634.10,637.28 3 0
github.com/valkey-io/valkey-go/message.go:643.75,645.27 2 0
github.com/valkey-io/valkey-go/message.go:645.27,647.3 1 0
github.com/valkey-io/valkey-go/message.go:648.2,652.15 5 0
github.com/valkey-io/valkey-go/message.go:653.39,654.18 1 0
github.com/valkey-io/valkey-go/message.go:655.35,657.29 2 0
github.com/valkey-io/valkey-go/message.go:657.29,658.64 1 0
github.com/valkey-io/valkey-go/message.go:658.64,659.10 1 0
github.com/valkey-io/valkey-go/message.go:662.10,663.31 1 0
github.com/valkey-io/valkey-go/message.go:663.31,665.4 1 0
github.com/valkey-io/valkey-go/message.go:666.3,667.12 2 0
github.com/valkey-io/valkey-go/message.go:669.2,669.15 1 0
github.com/valkey-io/valkey-go/message.go:673.41,675.2 1 0
github.com/valkey-io/valkey-go/message.go:680.57,681.16 1 0
github.com/valkey-io/valkey-go/message.go:681.16,683.3 1 0
github.com/valkey-io/valkey-go/message.go:684.2,687.18 4 0
github.com/valkey-io/valkey-go/message.go:692.62,693.18 1 0
github.com/valkey-io/valkey-go/message.go:693.18,695.3 1 0
github.com/valkey-io/valkey-go/message.go:696.2,697.51 2 0
github.com/valkey-io/valkey-go/message.go:697.51,699.3 1 0
github.com/valkey-io/valkey-go/message.go:700.2,701.12 2 0
github.com/valkey-io/valkey-go/message.go:705.38,707.2 1 0
github.com/valkey-io/valkey-go/message.go:710.40,712.2 1 0
github.com/valkey-io/valkey-go/message.go:715.42,717.2 1 0
github.com/valkey-io/valkey-go/message.go:720.41,722.2 1 1
github.com/valkey-io/valkey-go/message.go:725.39,727.2 1 0
github.com/valkey-io/valkey-go/message.go:730.40,732.2 1 0
github.com/valkey-io/valkey-go/message.go:735.38,737.2 1 1
github.com/valkey-io/valkey-go/message.go:740.39,741.23 1 1
github.com/valkey-io/valkey-go/message.go:741.23,743.3 1 0
github.com/valkey-io/valkey-go/message.go:744.2,744.52 1 1
github.com/valkey-io/valkey-go/message.go:744.52,749.3 3 1
github.com/valkey-io/valkey-go/message.go:750.2,750.12 1 1
github.com/valkey-io/valkey-go/message.go:754.60,755.18 1 1
github.com/valkey-io/valkey-go/message.go:755.18,757.3 1 1
github.com/valkey-io/valkey-go/message.go:758.2,758.35 1 0
github.com/valkey-io/valkey-go/message.go:758.35,761.3 2 0
github.com/valkey-io/valkey-go/message.go:762.2,762.30 1 0
github.com/valkey-io/valkey-go/message.go:766.66,768.16 2 0
github.com/valkey-io/valkey-go/message.go:768.16,770.3 1 0
github.com/valkey-io/valkey-go/message.go:771.2,771.36 1 0
github.com/valkey-io/valkey-go/message.go:775.58,777.16 2 0
github.com/valkey-io/valkey-go/message.go:777.16,779.3 1 0
github.com/valkey-io/valkey-go/message.go:780.2,780.60 1 0
github.com/valkey-io/valkey-go/message.go:784.55,786.16 2 0
github.com/valkey-io/valkey-go/message.go:786.16,788.3 1 0
github.com/valkey-io/valkey-go/message.go:789.2,789.29 1 0
github.com/valkey-io/valkey-go/message.go:793.58,794.17 1 0
github.com/valkey-io/valkey-go/message.go:794.17,796.3 1 0
github.com/valkey-io/valkey-go/message.go:797.2,798.16 2 0
github.com/valkey-io/valkey-go/message.go:798.16,800.3 1 0
github.com/valkey-io/valkey-go/message.go:801.2,801.36 1 0
github.com/valkey-io/valkey-go/message.go:805.60,806.17 1 0
github.com/valkey-io/valkey-go/message.go:806.17,808.3 1 0
github.com/valkey-io/valkey-go/message.go:809.2,810.16 2 0
github.com/valkey-io/valkey-go/message.go:810.16,812.3 1 0
github.com/valkey-io/valkey-go/message.go:813.2,813.37 1 0
github.com/valkey-io/valkey-go/message.go:817.56,818.33 1 0
github.com/valkey-io/valkey-go/message.go:818.33,820.3 1 0
github.com/valkey-io/valkey-go/message.go:821.2,821.15 1 0
github.com/valkey-io/valkey-go/message.go:822.40,824.9 2 0
github.com/valkey-io/valkey-go/message.go:825.19,827.9 2 0
github.com/valkey-io/valkey-go/message.go:828.16,830.9 2 0
github.com/valkey-io/valkey-go/message.go:831.10,833.112 2 0
github.com/valkey-io/valkey-go/message.go:838.62,839.19 1 0
github.com/valkey-io/valkey-go/message.go:839.19,841.3 1 0
github.com/valkey-io/valkey-go/message.go:842.2,843.16 2 0
github.com/valkey-io/valkey-go/message.go:843.16,845.3 1 0
github.com/valkey-io/valkey-go/message.go:846.2,846.26 1 0
github.com/valkey-io/valkey-go/message.go:850.58,851.17 1 0
github.com/valkey-io/valkey-go/message.go:851.17,853.3 1 0
github.com/valkey-io/valkey-go/message.go:854.2,854.33 1 0
github.com/valkey-io/valkey-go/message.go:854.33,856.3 1 0
github.com/valkey-io/valkey-go/message.go:857.2,858.99 2 0
github.com/valkey-io/valkey-go/message.go:862.56,863.16 1 0
github.com/valkey-io/valkey-go/message.go:863.16,865.3 1 0
github.com/valkey-io/valkey-go/message.go:866.2,866.33 1 0
github.com/valkey-io/valkey-go/message.go:866.33,868.3 1 0
github.com/valkey-io/valkey-go/message.go:869.2,870.102 2 0
github.com/valkey-io/valkey-go/message.go:874.62,875.19 1 0
github.com/valkey-io/valkey-go/message.go:875.19,877.3 1 0
github.com/valkey-io/valkey-go/message.go:878.2,878.33 1 0
github.com/valkey-io/valkey-go/message.go:878.33,880.3 1 0
github.com/valkey-io/valkey-go/message.go:881.2,882.101 2 0
github.com/valkey-io/valkey-go/message.go:886.60,887.17 1 0
github.com/valkey-io/valkey-go/message.go:887.17,889.3 1 0
github.com/valkey-io/valkey-go/message.go:890.2,890.34 1 0
github.com/valkey-io/valkey-go/message.go:890.34,892.3 1 0
github.com/valkey-io/valkey-go/message.go:893.2,894.95 2 0
[...]
github.com/valkey-io/valkey-go/sentinel.go:472.16,475.3 2 0
github.com/valkey-io/valkey-go/sentinel.go:477.2,477.14 1 0
github.com/valkey-io/valkey-go/sentinel.go:477.14,478.35 1 0
github.com/valkey-io/valkey-go/sentinel.go:478.35,481.4 2 0
github.com/valkey-io/valkey-go/sentinel.go:483.3,485.46 2 0
github.com/valkey-io/valkey-go/sentinel.go:485.46,486.42 1 0
github.com/valkey-io/valkey-go/sentinel.go:486.42,488.5 1 0
github.com/valkey-io/valkey-go/sentinel.go:490.8,491.34 1 0
github.com/valkey-io/valkey-go/sentinel.go:491.34,494.4 2 0
github.com/valkey-io/valkey-go/sentinel.go:496.3,498.46 2 0
github.com/valkey-io/valkey-go/sentinel.go:498.46,499.42 1 0
github.com/valkey-io/valkey-go/sentinel.go:499.42,501.5 1 0
github.com/valkey-io/valkey-go/sentinel.go:505.2,505.12 1 0
github.com/valkey-io/valkey-go/sentinel.go:508.41,509.1 1 0
github.com/valkey-io/valkey-go/sentinel.go:510.2,510.36 1 0
github.com/valkey-io/valkey-go/sentinel.go:510.36,511.13 1 0
github.com/valkey-io/valkey-go/sentinel.go:515.48,517.2 1 0
github.com/valkey-io/valkey-go/sentinel.go:519.49,528.27 4 0
github.com/valkey-io/valkey-go/sentinel.go:528.27,529.38 1 0
github.com/valkey-io/valkey-go/sentinel.go:529.38,532.4 2 0
github.com/valkey-io/valkey-go/sentinel.go:533.3,535.66 2 0
github.com/valkey-io/valkey-go/sentinel.go:535.66,536.22 1 0
github.com/valkey-io/valkey-go/sentinel.go:536.22,538.5 1 0
github.com/valkey-io/valkey-go/sentinel.go:539.4,541.24 3 0
github.com/valkey-io/valkey-go/sentinel.go:543.3,543.17 1 0
github.com/valkey-io/valkey-go/sentinel.go:543.17,546.74 1 0
github.com/valkey-io/valkey-go/sentinel.go:546.74,547.40 1 0
github.com/valkey-io/valkey-go/sentinel.go:547.40,549.6 1 0
github.com/valkey-io/valkey-go/sentinel.go:551.5,551.12 1 0
github.com/valkey-io/valkey-go/sentinel.go:552.20,553.43 1 0
github.com/valkey-io/valkey-go/sentinel.go:554.39,556.46 2 0
github.com/valkey-io/valkey-go/sentinel.go:556.46,558.7 1 0
github.com/valkey-io/valkey-go/sentinel.go:559.6,559.47 1 0
github.com/valkey-io/valkey-go/sentinel.go:559.47,561.7 1 0
github.com/valkey-io/valkey-go/sentinel.go:563.6,563.29 1 0
github.com/valkey-io/valkey-go/sentinel.go:563.29,564.32 1 0
github.com/valkey-io/valkey-go/sentinel.go:564.32,566.13 2 0
github.com/valkey-io/valkey-go/sentinel.go:569.13,570.41 1 0
github.com/valkey-io/valkey-go/sentinel.go:573.5,573.19 1 0
github.com/valkey-io/valkey-go/sentinel.go:573.19,574.11 1 0
github.com/valkey-io/valkey-go/sentinel.go:577.4,577.19 1 0
github.com/valkey-io/valkey-go/sentinel.go:579.3,580.41 2 0
github.com/valkey-io/valkey-go/sentinel.go:580.41,581.9 1 0
github.com/valkey-io/valkey-go/sentinel.go:584.2,586.16 2 0
github.com/valkey-io/valkey-go/sentinel.go:586.16,587.16 1 0
github.com/valkey-io/valkey-go/sentinel.go:587.16,588.49 1 0
github.com/valkey-io/valkey-go/sentinel.go:588.49,590.5 1 0
github.com/valkey-io/valkey-go/sentinel.go:590.10,592.5 1 0
github.com/valkey-io/valkey-go/sentinel.go:593.9,594.47 1 0
github.com/valkey-io/valkey-go/sentinel.go:594.47,596.5 1 0
github.com/valkey-io/valkey-go/sentinel.go:596.10,598.5 1 0
github.com/valkey-io/valkey-go/sentinel.go:601.2,601.12 1 0
github.com/valkey-io/valkey-go/sentinel.go:605.108,611.15 5 0
github.com/valkey-io/valkey-go/sentinel.go:611.15,612.17 1 0
github.com/valkey-io/valkey-go/sentinel.go:612.17,616.4 3 0
github.com/valkey-io/valkey-go/sentinel.go:620.2,622.19 2 0
github.com/valkey-io/valkey-go/sentinel.go:622.19,623.79 1 0
github.com/valkey-io/valkey-go/sentinel.go:623.79,624.25 1 0
github.com/valkey-io/valkey-go/sentinel.go:625.21,627.48 2 0
github.com/valkey-io/valkey-go/sentinel.go:628.26,630.42 2 0
github.com/valkey-io/valkey-go/sentinel.go:630.42,632.6 1 0
github.com/valkey-io/valkey-go/sentinel.go:633.19,635.62 2 0
github.com/valkey-io/valkey-go/sentinel.go:635.62,637.6 1 0
github.com/valkey-io/valkey-go/sentinel.go:637.11,637.100 1 0
github.com/valkey-io/valkey-go/sentinel.go:637.100,639.6 1 0
github.com/valkey-io/valkey-go/sentinel.go:642.38,644.93 2 0
github.com/valkey-io/valkey-go/sentinel.go:644.93,647.6 1 0
github.com/valkey-io/valkey-go/sentinel.go:649.53,651.4 1 0
github.com/valkey-io/valkey-go/sentinel.go:654.2,655.15 2 0
github.com/valkey-io/valkey-go/sentinel.go:655.15,657.3 1 0
github.com/valkey-io/valkey-go/sentinel.go:657.8,657.41 1 0
github.com/valkey-io/valkey-go/sentinel.go:657.41,659.3 1 0
github.com/valkey-io/valkey-go/sentinel.go:659.8,661.3 1 0
github.com/valkey-io/valkey-go/sentinel.go:663.2,666.16 4 0
github.com/valkey-io/valkey-go/sentinel.go:666.16,668.3 1 0
github.com/valkey-io/valkey-go/sentinel.go:669.2,669.31 1 0
github.com/valkey-io/valkey-go/sentinel.go:669.31,670.45 1 0
github.com/valkey-io/valkey-go/sentinel.go:670.45,672.4 1 0
github.com/valkey-io/valkey-go/sentinel.go:676.2,676.15 1 0
github.com/valkey-io/valkey-go/sentinel.go:676.15,678.17 2 0
github.com/valkey-io/valkey-go/sentinel.go:678.17,680.4 1 0
github.com/valkey-io/valkey-go/sentinel.go:682.3,682.34 1 0
github.com/valkey-io/valkey-go/sentinel.go:685.2,686.34 2 0
github.com/valkey-io/valkey-go/sentinel.go:686.34,688.17 2 0
github.com/valkey-io/valkey-go/sentinel.go:688.17,690.4 1 0
github.com/valkey-io/valkey-go/sentinel.go:692.3,692.11 1 0
github.com/valkey-io/valkey-go/sentinel.go:695.2,696.16 2 0
github.com/valkey-io/valkey-go/sentinel.go:696.16,698.3 1 0
github.com/valkey-io/valkey-go/sentinel.go:699.2,699.56 1 0
github.com/valkey-io/valkey-go/sentinel.go:702.53,704.16 2 0
github.com/valkey-io/valkey-go/sentinel.go:704.16,706.3 1 0
github.com/valkey-io/valkey-go/sentinel.go:708.2,710.26 2 0
github.com/valkey-io/valkey-go/sentinel.go:710.26,712.17 2 0
github.com/valkey-io/valkey-go/sentinel.go:712.17,713.12 1 0
github.com/valkey-io/valkey-go/sentinel.go:715.3,715.43 1 0
github.com/valkey-io/valkey-go/sentinel.go:715.43,717.4 1 0
github.com/valkey-io/valkey-go/sentinel.go:720.2,720.24 1 0
github.com/valkey-io/valkey-go/sentinel.go:720.24,722.3 1 0
github.com/valkey-io/valkey-go/sentinel.go:725.2,726.50 2 0
github.com/valkey-io/valkey-go/sentinel.go:729.54,738.2 8 0
github.com/valkey-io/valkey-go/singleflight.go:16.63,20.15 4 0
github.com/valkey-io/valkey-go/singleflight.go:20.15,22.40 2 0
github.com/valkey-io/valkey-go/singleflight.go:22.40,23.11 1 0
github.com/valkey-io/valkey-go/singleflight.go:24.14,24.14 0 0
github.com/valkey-io/valkey-go/singleflight.go:25.17,26.21 1 0
github.com/valkey-io/valkey-go/singleflight.go:28.9,30.4 1 0
github.com/valkey-io/valkey-go/singleflight.go:31.3,31.13 1 0
github.com/valkey-io/valkey-go/singleflight.go:33.2,36.21 4 0
github.com/valkey-io/valkey-go/singleflight.go:39.65,42.15 3 0
github.com/valkey-io/valkey-go/singleflight.go:42.15,45.3 2 0
github.com/valkey-io/valkey-go/singleflight.go:46.2,51.59 6 0
github.com/valkey-io/valkey-go/singleflight.go:51.59,54.3 2 0
github.com/valkey-io/valkey-go/singleflight.go:57.66,66.2 8 0
github.com/valkey-io/valkey-go/singleflight.go:68.34,72.2 3 0
github.com/valkey-io/valkey-go/standalone.go:12.103,13.31 1 1
github.com/valkey-io/valkey-go/standalone.go:13.31,15.3 1 1
github.com/valkey-io/valkey-go/standalone.go:18.2,18.77 1 1
github.com/valkey-io/valkey-go/standalone.go:18.77,20.3 1 0
github.com/valkey-io/valkey-go/standalone.go:21.2,22.33 2 1
github.com/valkey-io/valkey-go/standalone.go:22.33,24.3 1 0
github.com/valkey-io/valkey-go/standalone.go:25.2,35.28 3 1
github.com/valkey-io/valkey-go/standalone.go:35.28,37.44 2 1
github.com/valkey-io/valkey-go/standalone.go:37.44,39.27 2 0
github.com/valkey-io/valkey-go/standalone.go:39.27,41.5 1 0
github.com/valkey-io/valkey-go/standalone.go:42.4,42.19 1 0
github.com/valkey-io/valkey-go/standalone.go:44.3,44.138 1 1
github.com/valkey-io/valkey-go/standalone.go:46.2,46.15 1 1
github.com/valkey-io/valkey-go/standalone.go:59.34,61.2 1 1
github.com/valkey-io/valkey-go/standalone.go:63.33,64.26 1 1
github.com/valkey-io/valkey-go/standalone.go:64.26,66.3 1 1
github.com/valkey-io/valkey-go/standalone.go:67.2,67.35 1 1
github.com/valkey-io/valkey-go/standalone.go:70.107,71.23 1 1
github.com/valkey-io/valkey-go/standalone.go:71.23,73.3 1 1
github.com/valkey-io/valkey-go/standalone.go:75.2,75.50 1 1
github.com/valkey-io/valkey-go/standalone.go:75.50,76.39 1 1
github.com/valkey-io/valkey-go/standalone.go:76.39,81.46 4 1
github.com/valkey-io/valkey-go/standalone.go:81.46,84.5 1 0
github.com/valkey-io/valkey-go/standalone.go:85.4,92.38 4 1
github.com/valkey-io/valkey-go/standalone.go:96.2,96.15 1 1
github.com/valkey-io/valkey-go/standalone.go:99.81,100.46 1 1
github.com/valkey-io/valkey-go/standalone.go:100.46,102.3 1 0
github.com/valkey-io/valkey-go/standalone.go:102.8,104.3 1 1
github.com/valkey-io/valkey-go/standalone.go:106.2,106.41 1 1
github.com/valkey-io/valkey-go/standalone.go:109.93,111.28 2 0
github.com/valkey-io/valkey-go/standalone.go:111.28,112.48 1 0
github.com/valkey-io/valkey-go/standalone.go:112.48,114.9 2 0
github.com/valkey-io/valkey-go/standalone.go:117.2,117.15 1 0
github.com/valkey-io/valkey-go/standalone.go:117.15,119.3 1 0
github.com/valkey-io/valkey-go/standalone.go:119.8,121.3 1 0
github.com/valkey-io/valkey-go/standalone.go:124.2,124.22 1 0
github.com/valkey-io/valkey-go/standalone.go:124.22,125.31 1 0
github.com/valkey-io/valkey-go/standalone.go:125.31,126.22 1 0
github.com/valkey-io/valkey-go/standalone.go:126.22,128.5 1 0
github.com/valkey-io/valkey-go/standalone.go:132.2,132.13 1 0
github.com/valkey-io/valkey-go/standalone.go:135.106,136.52 1 0
github.com/valkey-io/valkey-go/standalone.go:136.52,138.3 1 0
github.com/valkey-io/valkey-go/standalone.go:139.2,139.46 1 0
github.com/valkey-io/valkey-go/standalone.go:142.30,144.37 2 1
github.com/valkey-io/valkey-go/standalone.go:144.37,146.3 1 1
github.com/valkey-io/valkey-go/standalone.go:149.105,151.2 1 0
github.com/valkey-io/valkey-go/standalone.go:153.101,155.2 1 0
github.com/valkey-io/valkey-go/standalone.go:157.86,159.46 2 1
github.com/valkey-io/valkey-go/standalone.go:159.46,161.3 1 1
github.com/valkey-io/valkey-go/standalone.go:161.8,163.3 1 1
github.com/valkey-io/valkey-go/standalone.go:166.2,166.47 1 1
github.com/valkey-io/valkey-go/standalone.go:166.47,167.51 1 1
github.com/valkey-io/valkey-go/standalone.go:167.51,168.40 1 1
github.com/valkey-io/valkey-go/standalone.go:168.40,173.47 4 1
github.com/valkey-io/valkey-go/standalone.go:173.47,176.6 1 1
github.com/valkey-io/valkey-go/standalone.go:177.5,184.45 4 1
github.com/valkey-io/valkey-go/standalone.go:189.2,189.15 1 1
github.com/valkey-io/valkey-go/standalone.go:192.101,195.28 3 1
github.com/valkey-io/valkey-go/standalone.go:195.28,196.48 1 1
github.com/valkey-io/valkey-go/standalone.go:196.48,198.9 2 1
github.com/valkey-io/valkey-go/standalone.go:201.2,201.15 1 1
github.com/valkey-io/valkey-go/standalone.go:201.15,203.3 1 1
github.com/valkey-io/valkey-go/standalone.go:203.8,205.3 1 1
github.com/valkey-io/valkey-go/standalone.go:208.2,208.47 1 1
github.com/valkey-io/valkey-go/standalone.go:208.47,209.51 1 1
github.com/valkey-io/valkey-go/standalone.go:209.51,210.40 1 1
github.com/valkey-io/valkey-go/standalone.go:210.40,215.47 4 1
github.com/valkey-io/valkey-go/standalone.go:215.47,218.6 1 1
github.com/valkey-io/valkey-go/standalone.go:219.5,226.55 4 1
github.com/valkey-io/valkey-go/standalone.go:231.2,231.15 1 1
github.com/valkey-io/valkey-go/standalone.go:234.76,236.2 1 0
github.com/valkey-io/valkey-go/standalone.go:238.73,240.2 1 0
github.com/valkey-io/valkey-go/standalone.go:242.48,244.46 2 0
github.com/valkey-io/valkey-go/standalone.go:244.46,246.3 1 0
github.com/valkey-io/valkey-go/standalone.go:247.2,247.37 1 0
github.com/valkey-io/valkey-go/standalone.go:247.37,248.45 1 0
github.com/valkey-io/valkey-go/standalone.go:248.45,250.4 1 0
github.com/valkey-io/valkey-go/standalone.go:252.2,252.14 1 0
github.com/valkey-io/valkey-go/standalone.go:255.40,257.2 1 1
github.com/valkey-io/valkey-go/syncp.go:10.60,12.3 1 1
github.com/valkey-io/valkey-go/syncp.go:13.56,15.3 1 0
github.com/valkey-io/valkey-go/syncp.go:16.50,21.3 1 0
github.com/valkey-io/valkey-go/syncp.go:22.66,24.3 1 0
github.com/valkey-io/valkey-go/syncp.go:25.60,30.3 1 0
github.com/valkey-io/valkey-go/syncp.go:31.60,36.3 1 0
github.com/valkey-io/valkey-go/syncp.go:37.66,39.3 1 0
github.com/valkey-io/valkey-go/syncp.go:40.56,42.3 1 0
github.com/valkey-io/valkey-go/syncp.go:43.58,45.3 1 0
github.com/valkey-io/valkey-go/syncp.go:46.58,48.3 1 0
github.com/valkey-io/valkey-go/syncp.go:49.68,51.3 1 0
github.com/valkey-io/valkey-go/syncp.go:58.35,60.2 1 0
github.com/valkey-io/valkey-go/syncp.go:62.36,65.2 2 0
github.com/valkey-io/valkey-go/syncp.go:67.41,69.28 2 0
github.com/valkey-io/valkey-go/syncp.go:69.28,70.16 1 0
github.com/valkey-io/valkey-go/syncp.go:70.16,71.27 1 0
github.com/valkey-io/valkey-go/syncp.go:71.27,73.5 1 0
github.com/valkey-io/valkey-go/syncp.go:76.2,76.13 1 0
github.com/valkey-io/valkey-go/syncp.go:83.40,85.2 1 1
github.com/valkey-io/valkey-go/syncp.go:87.41,90.2 2 1
github.com/valkey-io/valkey-go/syncp.go:97.39,99.2 1 0
github.com/valkey-io/valkey-go/syncp.go:101.40,103.2 1 0
github.com/valkey-io/valkey-go/syncp.go:105.62,107.2 1 0
github.com/valkey-io/valkey-go/syncp.go:113.40,115.2 1 0
github.com/valkey-io/valkey-go/syncp.go:117.41,120.2 2 0
github.com/valkey-io/valkey-go/syncp.go:126.35,128.2 1 0
github.com/valkey-io/valkey-go/syncp.go:130.36,133.2 2 0
github.com/valkey-io/valkey-go/syncp.go:142.32,144.2 1 0
github.com/valkey-io/valkey-go/syncp.go:146.33,155.2 8 0
github.com/valkey-io/valkey-go/syncp.go:164.37,166.2 1 0
github.com/valkey-io/valkey-go/syncp.go:168.38,177.2 8 0
github.com/valkey-io/valkey-go/syncp.go:184.37,186.2 1 0
github.com/valkey-io/valkey-go/syncp.go:188.38,193.2 4 0
github.com/valkey-io/valkey-go/syncp.go:200.40,202.2 1 0
github.com/valkey-io/valkey-go/syncp.go:204.41,206.2 1 0
github.com/valkey-io/valkey-go/syncp.go:213.36,215.2 1 0
github.com/valkey-io/valkey-go/syncp.go:217.37,219.2 1 0
github.com/valkey-io/valkey-go/syncp.go:228.36,230.2 1 0
github.com/valkey-io/valkey-go/syncp.go:232.37,236.2 3 0
github.com/valkey-io/valkey-go/syncp.go:245.41,247.2 1 0
github.com/valkey-io/valkey-go/syncp.go:249.42,253.2 3 0
github.com/valkey-io/valkey-go/url.go:21.57,23.16 2 0
github.com/valkey-io/valkey-go/url.go:23.16,25.3 1 0
github.com/valkey-io/valkey-go/url.go:26.2,26.64 1 0
github.com/valkey-io/valkey-go/url.go:26.64,28.17 2 0
github.com/valkey-io/valkey-go/url.go:28.17,30.4 1 0
github.com/valkey-io/valkey-go/url.go:31.3,31.17 1 0
github.com/valkey-io/valkey-go/url.go:31.17,33.4 1 0
github.com/valkey-io/valkey-go/url.go:34.3,34.17 1 0
github.com/valkey-io/valkey-go/url.go:34.17,36.4 1 0
github.com/valkey-io/valkey-go/url.go:37.3,37.44 1 0
github.com/valkey-io/valkey-go/url.go:39.2,39.18 1 0
github.com/valkey-io/valkey-go/url.go:40.14,41.122 1 0
github.com/valkey-io/valkey-go/url.go:41.122,43.4 1 0
github.com/valkey-io/valkey-go/url.go:44.3,44.56 1 0
github.com/valkey-io/valkey-go/url.go:45.27,48.4 1 0
github.com/valkey-io/valkey-go/url.go:49.25,49.25 0 0
github.com/valkey-io/valkey-go/url.go:50.10,51.69 1 0
github.com/valkey-io/valkey-go/url.go:53.2,53.28 1 0
github.com/valkey-io/valkey-go/url.go:53.28,56.27 3 0
github.com/valkey-io/valkey-go/url.go:56.27,58.4 1 0
github.com/valkey-io/valkey-go/url.go:60.2,60.19 1 0
github.com/valkey-io/valkey-go/url.go:60.19,63.3 2 0
github.com/valkey-io/valkey-go/url.go:64.2,64.24 1 0
github.com/valkey-io/valkey-go/url.go:64.24,65.53 1 0
github.com/valkey-io/valkey-go/url.go:65.53,66.59 1 0
github.com/valkey-io/valkey-go/url.go:66.59,68.5 1 0
github.com/valkey-io/valkey-go/url.go:69.9,69.25 1 0
github.com/valkey-io/valkey-go/url.go:69.25,71.4 1 0
github.com/valkey-io/valkey-go/url.go:73.2,74.17 2 0
github.com/valkey-io/valkey-go/url.go:74.17,75.64 1 0
github.com/valkey-io/valkey-go/url.go:75.64,77.4 1 0
github.com/valkey-io/valkey-go/url.go:79.2,79.27 1 0
github.com/valkey-io/valkey-go/url.go:79.27,80.86 1 0
github.com/valkey-io/valkey-go/url.go:80.86,82.4 1 0
github.com/valkey-io/valkey-go/url.go:84.2,84.28 1 0
github.com/valkey-io/valkey-go/url.go:84.28,85.87 1 0
github.com/valkey-io/valkey-go/url.go:85.87,87.4 1 0
github.com/valkey-io/valkey-go/url.go:89.2,89.33 1 0
github.com/valkey-io/valkey-go/url.go:89.33,92.3 2 0
github.com/valkey-io/valkey-go/url.go:93.2,93.50 1 0
github.com/valkey-io/valkey-go/url.go:93.50,95.28 2 0
github.com/valkey-io/valkey-go/url.go:95.28,97.4 1 0
github.com/valkey-io/valkey-go/url.go:97.9,99.18 2 0
github.com/valkey-io/valkey-go/url.go:99.18,101.5 1 0
github.com/valkey-io/valkey-go/url.go:102.4,102.49 1 0
github.com/valkey-io/valkey-go/url.go:105.2,110.8 6 0
github.com/valkey-io/valkey-go/url.go:113.44,115.16 2 0
github.com/valkey-io/valkey-go/url.go:115.16,116.13 1 0
github.com/valkey-io/valkey-go/url.go:118.2,118.12 1 0
github.com/valkey-io/valkey-go/valkey.go:392.56,394.2 1 0
github.com/valkey-io/valkey-go/valkey.go:416.64,417.36 1 1
github.com/valkey-io/valkey-go/valkey.go:417.36,419.3 1 1
github.com/valkey-io/valkey-go/valkey.go:420.2,420.37 1 1
github.com/valkey-io/valkey-go/valkey.go:420.37,422.3 1 1
github.com/valkey-io/valkey-go/valkey.go:423.2,423.35 1 1
github.com/valkey-io/valkey-go/valkey.go:423.35,425.3 1 1
github.com/valkey-io/valkey-go/valkey.go:426.2,426.32 1 1
github.com/valkey-io/valkey-go/valkey.go:426.32,428.3 1 1
github.com/valkey-io/valkey-go/valkey.go:429.2,429.34 1 1
github.com/valkey-io/valkey-go/valkey.go:429.34,431.3 1 1
github.com/valkey-io/valkey-go/valkey.go:432.2,432.34 1 1
github.com/valkey-io/valkey-go/valkey.go:432.34,434.3 1 1
github.com/valkey-io/valkey-go/valkey.go:435.2,435.34 1 1
github.com/valkey-io/valkey-go/valkey.go:435.34,437.3 1 1
github.com/valkey-io/valkey-go/valkey.go:438.2,438.34 1 1
github.com/valkey-io/valkey-go/valkey.go:438.34,440.3 1 0
github.com/valkey-io/valkey-go/valkey.go:441.2,441.24 1 1
github.com/valkey-io/valkey-go/valkey.go:441.24,442.56 1 0
github.com/valkey-io/valkey-go/valkey.go:442.56,444.4 1 0
github.com/valkey-io/valkey-go/valkey.go:446.2,446.53 1 1
github.com/valkey-io/valkey-go/valkey.go:446.53,448.3 1 1
github.com/valkey-io/valkey-go/valkey.go:449.2,449.30 1 1
github.com/valkey-io/valkey-go/valkey.go:449.30,451.3 1 1
github.com/valkey-io/valkey-go/valkey.go:452.2,452.37 1 1
github.com/valkey-io/valkey-go/valkey.go:452.37,455.3 2 0
github.com/valkey-io/valkey-go/valkey.go:456.2,456.38 1 1
github.com/valkey-io/valkey-go/valkey.go:456.38,459.3 2 1
github.com/valkey-io/valkey-go/valkey.go:460.2,460.47 1 1
github.com/valkey-io/valkey-go/valkey.go:460.47,461.35 1 1
github.com/valkey-io/valkey-go/valkey.go:461.35,463.4 1 1
github.com/valkey-io/valkey-go/valkey.go:464.3,465.79 2 1
github.com/valkey-io/valkey-go/valkey.go:467.2,467.30 1 0
github.com/valkey-io/valkey-go/valkey.go:467.30,470.3 2 0
github.com/valkey-io/valkey-go/valkey.go:471.2,471.98 1 0
github.com/valkey-io/valkey-go/valkey.go:471.98,472.38 1 0
github.com/valkey-io/valkey-go/valkey.go:472.38,474.4 1 0
github.com/valkey-io/valkey-go/valkey.go:475.3,475.144 1 0
github.com/valkey-io/valkey-go/valkey.go:475.144,478.4 2 0
github.com/valkey-io/valkey-go/valkey.go:478.9,481.4 2 0
github.com/valkey-io/valkey-go/valkey.go:483.2,483.20 1 0
github.com/valkey-io/valkey-go/valkey.go:486.47,487.20 1 1
github.com/valkey-io/valkey-go/valkey.go:487.20,488.81 1 1
github.com/valkey-io/valkey-go/valkey.go:488.81,490.4 1 1
github.com/valkey-io/valkey-go/valkey.go:492.2,492.19 1 1
github.com/valkey-io/valkey-go/valkey.go:492.19,494.3 1 0
github.com/valkey-io/valkey-go/valkey.go:495.2,495.18 1 1
github.com/valkey-io/valkey-go/valkey.go:498.51,500.2 1 1
github.com/valkey-io/valkey-go/valkey.go:502.90,503.26 1 1
github.com/valkey-io/valkey-go/valkey.go:503.26,505.3 1 0
github.com/valkey-io/valkey-go/valkey.go:506.2,506.23 1 1
github.com/valkey-io/valkey-go/valkey.go:506.23,508.3 1 0
github.com/valkey-io/valkey-go/valkey.go:509.2,509.26 1 1
github.com/valkey-io/valkey-go/valkey.go:509.26,512.3 2 0
github.com/valkey-io/valkey-go/valkey.go:512.8,514.3 1 1
github.com/valkey-io/valkey-go/valkey.go:515.2,515.18 1 1
